<?xml version="1.0" encoding="utf-8"?>
<CoverageSession>
  <Summary numSequencePoints="582" visitedSequencePoints="316" numBranchPoints="70" visitedBranchPoints="31" sequenceCoverage="54.29" branchCoverage="44.28" maxCyclomaticComplexity="140" minCyclomaticComplexity="0" visitedClasses="8" numClasses="21" visitedMethods="42" numMethods="93" />
  <Modules>
    <Module hash="B5D57B60-E93B-4866-A995-04645BB9B4DB">
      <ModulePath>ControleDeContatos.dll</ModulePath>
      <ModuleTime>2023-06-01T09:28:07</ModuleTime>
      <ModuleName>ControleDeContatos</ModuleName>
      <Files>
        <File uid="1" fullPath="/source/ControleDeContatos/Exceptions/EmailNaoEncontradoException.cs" />
        <File uid="2" fullPath="/source/ControleDeContatos/Exceptions/FalhaAoEnviarEmailException.cs" />
        <File uid="3" fullPath="/source/ControleDeContatos/Exceptions/LoginNaoEncontradoException.cs" />
        <File uid="4" fullPath="/source/ControleDeContatos/Exceptions/SenhaInvalidaException.cs" />
        <File uid="5" fullPath="/source/ControleDeContatos/Exceptions/SenhaNaoConfereException.cs" />
        <File uid="6" fullPath="/source/ControleDeContatos/Exceptions/UsuarioInvalidoException.cs" />
        <File uid="7" fullPath="/source/ControleDeContatos/Services/AlterarSenhaServices.cs" />
        <File uid="8" fullPath="/source/ControleDeContatos/Services/ContatoServices.cs" />
        <File uid="9" fullPath="/source/ControleDeContatos/Services/Criptografia.cs" />
        <File uid="10" fullPath="/source/ControleDeContatos/Services/Email.cs" />
        <File uid="11" fullPath="/source/ControleDeContatos/Services/LoginServices.cs" />
        <File uid="12" fullPath="/source/ControleDeContatos/Services/Sessao.cs" />
        <File uid="13" fullPath="/source/ControleDeContatos/Services/UsuarioServices.cs" />
        <File uid="14" fullPath="/source/ControleDeContatos/Repository/ContatoRepository.cs" />
        <File uid="15" fullPath="/source/ControleDeContatos/Repository/UsuarioRepository.cs" />
        <File uid="16" fullPath="/source/ControleDeContatos/Filters/PaginaRestritaSomenteAdmin.cs" />
        <File uid="17" fullPath="/source/ControleDeContatos/Filters/PaginaUsuarioLogado.cs" />
        <File uid="18" fullPath="/source/ControleDeContatos/Controllers/AlterarSenhaController.cs" />
        <File uid="19" fullPath="/source/ControleDeContatos/Controllers/ContatoController.cs" />
        <File uid="20" fullPath="/source/ControleDeContatos/Controllers/LoginController.cs" />
        <File uid="21" fullPath="/source/ControleDeContatos/Controllers/UsuarioController.cs" />
      </Files>
      <Classes>
        <Class>
          <Summary numSequencePoints="4" visitedSequencePoints="0" numBranchPoints="0" visitedBranchPoints="0" sequenceCoverage="0" branchCoverage="100" maxCyclomaticComplexity="1" minCyclomaticComplexity="1" visitedClasses="0" numClasses="1" visitedMethods="0" numMethods="4" />
          <FullName>EmailNaoEncontradoException</FullName>
          <Methods>
            <Method cyclomaticComplexity="1" nPathComplexity="1" sequenceCoverage="0" branchCoverage="100" isConstructor="True" isGetter="False" isSetter="False" isStatic="True">
              <Summary numSequencePoints="1" visitedSequencePoints="0" numBranchPoints="0" visitedBranchPoints="0" sequenceCoverage="0" branchCoverage="100" maxCyclomaticComplexity="1" minCyclomaticComplexity="1" visitedClasses="0" numClasses="0" visitedMethods="0" numMethods="1" />
              <MetadataToken />
              <Name>System.Void EmailNaoEncontradoException::.ctor()</Name>
              <FileRef uid="1" />
              <SequencePoints>
                <SequencePoint vc="0" uspid="4" ordinal="0" sl="4" sc="1" el="4" ec="2" bec="0" bev="0" fileid="1" />
              </SequencePoints>
              <BranchPoints />
              <MethodPoint vc="0" uspid="0" p8:type="SequencePoint" ordinal="0" offset="0" sc="0" sl="4" ec="1" el="4" bec="0" bev="0" fileid="1" xmlns:p8="xsi" />
            </Method>
            <Method cyclomaticComplexity="1" nPathComplexity="1" sequenceCoverage="0" branchCoverage="100" isConstructor="True" isGetter="False" isSetter="False" isStatic="True">
              <Summary numSequencePoints="1" visitedSequencePoints="0" numBranchPoints="0" visitedBranchPoints="0" sequenceCoverage="0" branchCoverage="100" maxCyclomaticComplexity="1" minCyclomaticComplexity="1" visitedClasses="0" numClasses="0" visitedMethods="0" numMethods="1" />
              <MetadataToken />
              <Name>System.Void EmailNaoEncontradoException::.ctor(System.String)</Name>
              <FileRef uid="1" />
              <SequencePoints>
                <SequencePoint vc="0" uspid="5" ordinal="0" sl="5" sc="1" el="5" ec="2" bec="0" bev="0" fileid="1" />
              </SequencePoints>
              <BranchPoints />
              <MethodPoint vc="0" uspid="0" p8:type="SequencePoint" ordinal="1" offset="1" sc="0" sl="5" ec="1" el="5" bec="0" bev="0" fileid="1" xmlns:p8="xsi" />
            </Method>
            <Method cyclomaticComplexity="1" nPathComplexity="1" sequenceCoverage="0" branchCoverage="100" isConstructor="True" isGetter="False" isSetter="False" isStatic="True">
              <Summary numSequencePoints="1" visitedSequencePoints="0" numBranchPoints="0" visitedBranchPoints="0" sequenceCoverage="0" branchCoverage="100" maxCyclomaticComplexity="1" minCyclomaticComplexity="1" visitedClasses="0" numClasses="0" visitedMethods="0" numMethods="1" />
              <MetadataToken />
              <Name>System.Void EmailNaoEncontradoException::.ctor(System.String,System.Exception)</Name>
              <FileRef uid="1" />
              <SequencePoints>
                <SequencePoint vc="0" uspid="6" ordinal="0" sl="6" sc="1" el="6" ec="2" bec="0" bev="0" fileid="1" />
              </SequencePoints>
              <BranchPoints />
              <MethodPoint vc="0" uspid="0" p8:type="SequencePoint" ordinal="2" offset="2" sc="0" sl="6" ec="1" el="6" bec="0" bev="0" fileid="1" xmlns:p8="xsi" />
            </Method>
            <Method cyclomaticComplexity="1" nPathComplexity="1" sequenceCoverage="0" branchCoverage="100" isConstructor="True" isGetter="False" isSetter="False" isStatic="True">
              <Summary numSequencePoints="1" visitedSequencePoints="0" numBranchPoints="0" visitedBranchPoints="0" sequenceCoverage="0" branchCoverage="100" maxCyclomaticComplexity="1" minCyclomaticComplexity="1" visitedClasses="0" numClasses="0" visitedMethods="0" numMethods="1" />
              <MetadataToken />
              <Name>System.Void EmailNaoEncontradoException::.ctor(System.Runtime.Serialization.SerializationInfo,System.Runtime.Serialization.StreamingContext)</Name>
              <FileRef uid="1" />
              <SequencePoints>
                <SequencePoint vc="0" uspid="9" ordinal="0" sl="9" sc="1" el="9" ec="2" bec="0" bev="0" fileid="1" />
              </SequencePoints>
              <BranchPoints />
              <MethodPoint vc="0" uspid="0" p8:type="SequencePoint" ordinal="3" offset="3" sc="0" sl="9" ec="1" el="9" bec="0" bev="0" fileid="1" xmlns:p8="xsi" />
            </Method>
          </Methods>
        </Class>
        <Class>
          <Summary numSequencePoints="4" visitedSequencePoints="0" numBranchPoints="0" visitedBranchPoints="0" sequenceCoverage="0" branchCoverage="100" maxCyclomaticComplexity="1" minCyclomaticComplexity="1" visitedClasses="0" numClasses="1" visitedMethods="0" numMethods="4" />
          <FullName>FalhaAoEnviarEmailException</FullName>
          <Methods>
            <Method cyclomaticComplexity="1" nPathComplexity="1" sequenceCoverage="0" branchCoverage="100" isConstructor="True" isGetter="False" isSetter="False" isStatic="True">
              <Summary numSequencePoints="1" visitedSequencePoints="0" numBranchPoints="0" visitedBranchPoints="0" sequenceCoverage="0" branchCoverage="100" maxCyclomaticComplexity="1" minCyclomaticComplexity="1" visitedClasses="0" numClasses="0" visitedMethods="0" numMethods="1" />
              <MetadataToken />
              <Name>System.Void FalhaAoEnviarEmailException::.ctor()</Name>
              <FileRef uid="2" />
              <SequencePoints>
                <SequencePoint vc="0" uspid="4" ordinal="0" sl="4" sc="1" el="4" ec="2" bec="0" bev="0" fileid="2" />
              </SequencePoints>
              <BranchPoints />
              <MethodPoint vc="0" uspid="0" p8:type="SequencePoint" ordinal="0" offset="0" sc="0" sl="4" ec="1" el="4" bec="0" bev="0" fileid="2" xmlns:p8="xsi" />
            </Method>
            <Method cyclomaticComplexity="1" nPathComplexity="1" sequenceCoverage="0" branchCoverage="100" isConstructor="True" isGetter="False" isSetter="False" isStatic="True">
              <Summary numSequencePoints="1" visitedSequencePoints="0" numBranchPoints="0" visitedBranchPoints="0" sequenceCoverage="0" branchCoverage="100" maxCyclomaticComplexity="1" minCyclomaticComplexity="1" visitedClasses="0" numClasses="0" visitedMethods="0" numMethods="1" />
              <MetadataToken />
              <Name>System.Void FalhaAoEnviarEmailException::.ctor(System.String)</Name>
              <FileRef uid="2" />
              <SequencePoints>
                <SequencePoint vc="0" uspid="5" ordinal="0" sl="5" sc="1" el="5" ec="2" bec="0" bev="0" fileid="2" />
              </SequencePoints>
              <BranchPoints />
              <MethodPoint vc="0" uspid="0" p8:type="SequencePoint" ordinal="1" offset="1" sc="0" sl="5" ec="1" el="5" bec="0" bev="0" fileid="2" xmlns:p8="xsi" />
            </Method>
            <Method cyclomaticComplexity="1" nPathComplexity="1" sequenceCoverage="0" branchCoverage="100" isConstructor="True" isGetter="False" isSetter="False" isStatic="True">
              <Summary numSequencePoints="1" visitedSequencePoints="0" numBranchPoints="0" visitedBranchPoints="0" sequenceCoverage="0" branchCoverage="100" maxCyclomaticComplexity="1" minCyclomaticComplexity="1" visitedClasses="0" numClasses="0" visitedMethods="0" numMethods="1" />
              <MetadataToken />
              <Name>System.Void FalhaAoEnviarEmailException::.ctor(System.String,System.Exception)</Name>
              <FileRef uid="2" />
              <SequencePoints>
                <SequencePoint vc="0" uspid="6" ordinal="0" sl="6" sc="1" el="6" ec="2" bec="0" bev="0" fileid="2" />
              </SequencePoints>
              <BranchPoints />
              <MethodPoint vc="0" uspid="0" p8:type="SequencePoint" ordinal="2" offset="2" sc="0" sl="6" ec="1" el="6" bec="0" bev="0" fileid="2" xmlns:p8="xsi" />
            </Method>
            <Method cyclomaticComplexity="1" nPathComplexity="1" sequenceCoverage="0" branchCoverage="100" isConstructor="True" isGetter="False" isSetter="False" isStatic="True">
              <Summary numSequencePoints="1" visitedSequencePoints="0" numBranchPoints="0" visitedBranchPoints="0" sequenceCoverage="0" branchCoverage="100" maxCyclomaticComplexity="1" minCyclomaticComplexity="1" visitedClasses="0" numClasses="0" visitedMethods="0" numMethods="1" />
              <MetadataToken />
              <Name>System.Void FalhaAoEnviarEmailException::.ctor(System.Runtime.Serialization.SerializationInfo,System.Runtime.Serialization.StreamingContext)</Name>
              <FileRef uid="2" />
              <SequencePoints>
                <SequencePoint vc="0" uspid="9" ordinal="0" sl="9" sc="1" el="9" ec="2" bec="0" bev="0" fileid="2" />
              </SequencePoints>
              <BranchPoints />
              <MethodPoint vc="0" uspid="0" p8:type="SequencePoint" ordinal="3" offset="3" sc="0" sl="9" ec="1" el="9" bec="0" bev="0" fileid="2" xmlns:p8="xsi" />
            </Method>
          </Methods>
        </Class>
        <Class>
          <Summary numSequencePoints="4" visitedSequencePoints="0" numBranchPoints="0" visitedBranchPoints="0" sequenceCoverage="0" branchCoverage="100" maxCyclomaticComplexity="1" minCyclomaticComplexity="1" visitedClasses="0" numClasses="1" visitedMethods="0" numMethods="4" />
          <FullName>LoginNaoEncontradoException</FullName>
          <Methods>
            <Method cyclomaticComplexity="1" nPathComplexity="1" sequenceCoverage="0" branchCoverage="100" isConstructor="True" isGetter="False" isSetter="False" isStatic="True">
              <Summary numSequencePoints="1" visitedSequencePoints="0" numBranchPoints="0" visitedBranchPoints="0" sequenceCoverage="0" branchCoverage="100" maxCyclomaticComplexity="1" minCyclomaticComplexity="1" visitedClasses="0" numClasses="0" visitedMethods="0" numMethods="1" />
              <MetadataToken />
              <Name>System.Void LoginNaoEncontradoException::.ctor()</Name>
              <FileRef uid="3" />
              <SequencePoints>
                <SequencePoint vc="0" uspid="4" ordinal="0" sl="4" sc="1" el="4" ec="2" bec="0" bev="0" fileid="3" />
              </SequencePoints>
              <BranchPoints />
              <MethodPoint vc="0" uspid="0" p8:type="SequencePoint" ordinal="0" offset="0" sc="0" sl="4" ec="1" el="4" bec="0" bev="0" fileid="3" xmlns:p8="xsi" />
            </Method>
            <Method cyclomaticComplexity="1" nPathComplexity="1" sequenceCoverage="0" branchCoverage="100" isConstructor="True" isGetter="False" isSetter="False" isStatic="True">
              <Summary numSequencePoints="1" visitedSequencePoints="0" numBranchPoints="0" visitedBranchPoints="0" sequenceCoverage="0" branchCoverage="100" maxCyclomaticComplexity="1" minCyclomaticComplexity="1" visitedClasses="0" numClasses="0" visitedMethods="0" numMethods="1" />
              <MetadataToken />
              <Name>System.Void LoginNaoEncontradoException::.ctor(System.String)</Name>
              <FileRef uid="3" />
              <SequencePoints>
                <SequencePoint vc="0" uspid="5" ordinal="0" sl="5" sc="1" el="5" ec="2" bec="0" bev="0" fileid="3" />
              </SequencePoints>
              <BranchPoints />
              <MethodPoint vc="0" uspid="0" p8:type="SequencePoint" ordinal="1" offset="1" sc="0" sl="5" ec="1" el="5" bec="0" bev="0" fileid="3" xmlns:p8="xsi" />
            </Method>
            <Method cyclomaticComplexity="1" nPathComplexity="1" sequenceCoverage="0" branchCoverage="100" isConstructor="True" isGetter="False" isSetter="False" isStatic="True">
              <Summary numSequencePoints="1" visitedSequencePoints="0" numBranchPoints="0" visitedBranchPoints="0" sequenceCoverage="0" branchCoverage="100" maxCyclomaticComplexity="1" minCyclomaticComplexity="1" visitedClasses="0" numClasses="0" visitedMethods="0" numMethods="1" />
              <MetadataToken />
              <Name>System.Void LoginNaoEncontradoException::.ctor(System.String,System.Exception)</Name>
              <FileRef uid="3" />
              <SequencePoints>
                <SequencePoint vc="0" uspid="6" ordinal="0" sl="6" sc="1" el="6" ec="2" bec="0" bev="0" fileid="3" />
              </SequencePoints>
              <BranchPoints />
              <MethodPoint vc="0" uspid="0" p8:type="SequencePoint" ordinal="2" offset="2" sc="0" sl="6" ec="1" el="6" bec="0" bev="0" fileid="3" xmlns:p8="xsi" />
            </Method>
            <Method cyclomaticComplexity="1" nPathComplexity="1" sequenceCoverage="0" branchCoverage="100" isConstructor="True" isGetter="False" isSetter="False" isStatic="True">
              <Summary numSequencePoints="1" visitedSequencePoints="0" numBranchPoints="0" visitedBranchPoints="0" sequenceCoverage="0" branchCoverage="100" maxCyclomaticComplexity="1" minCyclomaticComplexity="1" visitedClasses="0" numClasses="0" visitedMethods="0" numMethods="1" />
              <MetadataToken />
              <Name>System.Void LoginNaoEncontradoException::.ctor(System.Runtime.Serialization.SerializationInfo,System.Runtime.Serialization.StreamingContext)</Name>
              <FileRef uid="3" />
              <SequencePoints>
                <SequencePoint vc="0" uspid="9" ordinal="0" sl="9" sc="1" el="9" ec="2" bec="0" bev="0" fileid="3" />
              </SequencePoints>
              <BranchPoints />
              <MethodPoint vc="0" uspid="0" p8:type="SequencePoint" ordinal="3" offset="3" sc="0" sl="9" ec="1" el="9" bec="0" bev="0" fileid="3" xmlns:p8="xsi" />
            </Method>
          </Methods>
        </Class>
        <Class>
          <Summary numSequencePoints="4" visitedSequencePoints="0" numBranchPoints="0" visitedBranchPoints="0" sequenceCoverage="0" branchCoverage="100" maxCyclomaticComplexity="1" minCyclomaticComplexity="1" visitedClasses="0" numClasses="1" visitedMethods="0" numMethods="4" />
          <FullName>SenhaInvalidaException</FullName>
          <Methods>
            <Method cyclomaticComplexity="1" nPathComplexity="1" sequenceCoverage="0" branchCoverage="100" isConstructor="True" isGetter="False" isSetter="False" isStatic="True">
              <Summary numSequencePoints="1" visitedSequencePoints="0" numBranchPoints="0" visitedBranchPoints="0" sequenceCoverage="0" branchCoverage="100" maxCyclomaticComplexity="1" minCyclomaticComplexity="1" visitedClasses="0" numClasses="0" visitedMethods="0" numMethods="1" />
              <MetadataToken />
              <Name>System.Void SenhaInvalidaException::.ctor()</Name>
              <FileRef uid="4" />
              <SequencePoints>
                <SequencePoint vc="0" uspid="4" ordinal="0" sl="4" sc="1" el="4" ec="2" bec="0" bev="0" fileid="4" />
              </SequencePoints>
              <BranchPoints />
              <MethodPoint vc="0" uspid="0" p8:type="SequencePoint" ordinal="0" offset="0" sc="0" sl="4" ec="1" el="4" bec="0" bev="0" fileid="4" xmlns:p8="xsi" />
            </Method>
            <Method cyclomaticComplexity="1" nPathComplexity="1" sequenceCoverage="0" branchCoverage="100" isConstructor="True" isGetter="False" isSetter="False" isStatic="True">
              <Summary numSequencePoints="1" visitedSequencePoints="0" numBranchPoints="0" visitedBranchPoints="0" sequenceCoverage="0" branchCoverage="100" maxCyclomaticComplexity="1" minCyclomaticComplexity="1" visitedClasses="0" numClasses="0" visitedMethods="0" numMethods="1" />
              <MetadataToken />
              <Name>System.Void SenhaInvalidaException::.ctor(System.String)</Name>
              <FileRef uid="4" />
              <SequencePoints>
                <SequencePoint vc="0" uspid="5" ordinal="0" sl="5" sc="1" el="5" ec="2" bec="0" bev="0" fileid="4" />
              </SequencePoints>
              <BranchPoints />
              <MethodPoint vc="0" uspid="0" p8:type="SequencePoint" ordinal="1" offset="1" sc="0" sl="5" ec="1" el="5" bec="0" bev="0" fileid="4" xmlns:p8="xsi" />
            </Method>
            <Method cyclomaticComplexity="1" nPathComplexity="1" sequenceCoverage="0" branchCoverage="100" isConstructor="True" isGetter="False" isSetter="False" isStatic="True">
              <Summary numSequencePoints="1" visitedSequencePoints="0" numBranchPoints="0" visitedBranchPoints="0" sequenceCoverage="0" branchCoverage="100" maxCyclomaticComplexity="1" minCyclomaticComplexity="1" visitedClasses="0" numClasses="0" visitedMethods="0" numMethods="1" />
              <MetadataToken />
              <Name>System.Void SenhaInvalidaException::.ctor(System.String,System.Exception)</Name>
              <FileRef uid="4" />
              <SequencePoints>
                <SequencePoint vc="0" uspid="6" ordinal="0" sl="6" sc="1" el="6" ec="2" bec="0" bev="0" fileid="4" />
              </SequencePoints>
              <BranchPoints />
              <MethodPoint vc="0" uspid="0" p8:type="SequencePoint" ordinal="2" offset="2" sc="0" sl="6" ec="1" el="6" bec="0" bev="0" fileid="4" xmlns:p8="xsi" />
            </Method>
            <Method cyclomaticComplexity="1" nPathComplexity="1" sequenceCoverage="0" branchCoverage="100" isConstructor="True" isGetter="False" isSetter="False" isStatic="True">
              <Summary numSequencePoints="1" visitedSequencePoints="0" numBranchPoints="0" visitedBranchPoints="0" sequenceCoverage="0" branchCoverage="100" maxCyclomaticComplexity="1" minCyclomaticComplexity="1" visitedClasses="0" numClasses="0" visitedMethods="0" numMethods="1" />
              <MetadataToken />
              <Name>System.Void SenhaInvalidaException::.ctor(System.Runtime.Serialization.SerializationInfo,System.Runtime.Serialization.StreamingContext)</Name>
              <FileRef uid="4" />
              <SequencePoints>
                <SequencePoint vc="0" uspid="9" ordinal="0" sl="9" sc="1" el="9" ec="2" bec="0" bev="0" fileid="4" />
              </SequencePoints>
              <BranchPoints />
              <MethodPoint vc="0" uspid="0" p8:type="SequencePoint" ordinal="3" offset="3" sc="0" sl="9" ec="1" el="9" bec="0" bev="0" fileid="4" xmlns:p8="xsi" />
            </Method>
          </Methods>
        </Class>
        <Class>
          <Summary numSequencePoints="4" visitedSequencePoints="0" numBranchPoints="0" visitedBranchPoints="0" sequenceCoverage="0" branchCoverage="100" maxCyclomaticComplexity="1" minCyclomaticComplexity="1" visitedClasses="0" numClasses="1" visitedMethods="0" numMethods="4" />
          <FullName>SenhaNaoConfereException</FullName>
          <Methods>
            <Method cyclomaticComplexity="1" nPathComplexity="1" sequenceCoverage="0" branchCoverage="100" isConstructor="True" isGetter="False" isSetter="False" isStatic="True">
              <Summary numSequencePoints="1" visitedSequencePoints="0" numBranchPoints="0" visitedBranchPoints="0" sequenceCoverage="0" branchCoverage="100" maxCyclomaticComplexity="1" minCyclomaticComplexity="1" visitedClasses="0" numClasses="0" visitedMethods="0" numMethods="1" />
              <MetadataToken />
              <Name>System.Void SenhaNaoConfereException::.ctor()</Name>
              <FileRef uid="5" />
              <SequencePoints>
                <SequencePoint vc="0" uspid="4" ordinal="0" sl="4" sc="1" el="4" ec="2" bec="0" bev="0" fileid="5" />
              </SequencePoints>
              <BranchPoints />
              <MethodPoint vc="0" uspid="0" p8:type="SequencePoint" ordinal="0" offset="0" sc="0" sl="4" ec="1" el="4" bec="0" bev="0" fileid="5" xmlns:p8="xsi" />
            </Method>
            <Method cyclomaticComplexity="1" nPathComplexity="1" sequenceCoverage="0" branchCoverage="100" isConstructor="True" isGetter="False" isSetter="False" isStatic="True">
              <Summary numSequencePoints="1" visitedSequencePoints="0" numBranchPoints="0" visitedBranchPoints="0" sequenceCoverage="0" branchCoverage="100" maxCyclomaticComplexity="1" minCyclomaticComplexity="1" visitedClasses="0" numClasses="0" visitedMethods="0" numMethods="1" />
              <MetadataToken />
              <Name>System.Void SenhaNaoConfereException::.ctor(System.String)</Name>
              <FileRef uid="5" />
              <SequencePoints>
                <SequencePoint vc="0" uspid="5" ordinal="0" sl="5" sc="1" el="5" ec="2" bec="0" bev="0" fileid="5" />
              </SequencePoints>
              <BranchPoints />
              <MethodPoint vc="0" uspid="0" p8:type="SequencePoint" ordinal="1" offset="1" sc="0" sl="5" ec="1" el="5" bec="0" bev="0" fileid="5" xmlns:p8="xsi" />
            </Method>
            <Method cyclomaticComplexity="1" nPathComplexity="1" sequenceCoverage="0" branchCoverage="100" isConstructor="True" isGetter="False" isSetter="False" isStatic="True">
              <Summary numSequencePoints="1" visitedSequencePoints="0" numBranchPoints="0" visitedBranchPoints="0" sequenceCoverage="0" branchCoverage="100" maxCyclomaticComplexity="1" minCyclomaticComplexity="1" visitedClasses="0" numClasses="0" visitedMethods="0" numMethods="1" />
              <MetadataToken />
              <Name>System.Void SenhaNaoConfereException::.ctor(System.String,System.Exception)</Name>
              <FileRef uid="5" />
              <SequencePoints>
                <SequencePoint vc="0" uspid="6" ordinal="0" sl="6" sc="1" el="6" ec="2" bec="0" bev="0" fileid="5" />
              </SequencePoints>
              <BranchPoints />
              <MethodPoint vc="0" uspid="0" p8:type="SequencePoint" ordinal="2" offset="2" sc="0" sl="6" ec="1" el="6" bec="0" bev="0" fileid="5" xmlns:p8="xsi" />
            </Method>
            <Method cyclomaticComplexity="1" nPathComplexity="1" sequenceCoverage="0" branchCoverage="100" isConstructor="True" isGetter="False" isSetter="False" isStatic="True">
              <Summary numSequencePoints="1" visitedSequencePoints="0" numBranchPoints="0" visitedBranchPoints="0" sequenceCoverage="0" branchCoverage="100" maxCyclomaticComplexity="1" minCyclomaticComplexity="1" visitedClasses="0" numClasses="0" visitedMethods="0" numMethods="1" />
              <MetadataToken />
              <Name>System.Void SenhaNaoConfereException::.ctor(System.Runtime.Serialization.SerializationInfo,System.Runtime.Serialization.StreamingContext)</Name>
              <FileRef uid="5" />
              <SequencePoints>
                <SequencePoint vc="0" uspid="9" ordinal="0" sl="9" sc="1" el="9" ec="2" bec="0" bev="0" fileid="5" />
              </SequencePoints>
              <BranchPoints />
              <MethodPoint vc="0" uspid="0" p8:type="SequencePoint" ordinal="3" offset="3" sc="0" sl="9" ec="1" el="9" bec="0" bev="0" fileid="5" xmlns:p8="xsi" />
            </Method>
          </Methods>
        </Class>
        <Class>
          <Summary numSequencePoints="4" visitedSequencePoints="0" numBranchPoints="0" visitedBranchPoints="0" sequenceCoverage="0" branchCoverage="100" maxCyclomaticComplexity="1" minCyclomaticComplexity="1" visitedClasses="0" numClasses="1" visitedMethods="0" numMethods="4" />
          <FullName>UsuarioInvalidoException</FullName>
          <Methods>
            <Method cyclomaticComplexity="1" nPathComplexity="1" sequenceCoverage="0" branchCoverage="100" isConstructor="True" isGetter="False" isSetter="False" isStatic="True">
              <Summary numSequencePoints="1" visitedSequencePoints="0" numBranchPoints="0" visitedBranchPoints="0" sequenceCoverage="0" branchCoverage="100" maxCyclomaticComplexity="1" minCyclomaticComplexity="1" visitedClasses="0" numClasses="0" visitedMethods="0" numMethods="1" />
              <MetadataToken />
              <Name>System.Void UsuarioInvalidoException::.ctor()</Name>
              <FileRef uid="6" />
              <SequencePoints>
                <SequencePoint vc="0" uspid="4" ordinal="0" sl="4" sc="1" el="4" ec="2" bec="0" bev="0" fileid="6" />
              </SequencePoints>
              <BranchPoints />
              <MethodPoint vc="0" uspid="0" p8:type="SequencePoint" ordinal="0" offset="0" sc="0" sl="4" ec="1" el="4" bec="0" bev="0" fileid="6" xmlns:p8="xsi" />
            </Method>
            <Method cyclomaticComplexity="1" nPathComplexity="1" sequenceCoverage="0" branchCoverage="100" isConstructor="True" isGetter="False" isSetter="False" isStatic="True">
              <Summary numSequencePoints="1" visitedSequencePoints="0" numBranchPoints="0" visitedBranchPoints="0" sequenceCoverage="0" branchCoverage="100" maxCyclomaticComplexity="1" minCyclomaticComplexity="1" visitedClasses="0" numClasses="0" visitedMethods="0" numMethods="1" />
              <MetadataToken />
              <Name>System.Void UsuarioInvalidoException::.ctor(System.String)</Name>
              <FileRef uid="6" />
              <SequencePoints>
                <SequencePoint vc="0" uspid="5" ordinal="0" sl="5" sc="1" el="5" ec="2" bec="0" bev="0" fileid="6" />
              </SequencePoints>
              <BranchPoints />
              <MethodPoint vc="0" uspid="0" p8:type="SequencePoint" ordinal="1" offset="1" sc="0" sl="5" ec="1" el="5" bec="0" bev="0" fileid="6" xmlns:p8="xsi" />
            </Method>
            <Method cyclomaticComplexity="1" nPathComplexity="1" sequenceCoverage="0" branchCoverage="100" isConstructor="True" isGetter="False" isSetter="False" isStatic="True">
              <Summary numSequencePoints="1" visitedSequencePoints="0" numBranchPoints="0" visitedBranchPoints="0" sequenceCoverage="0" branchCoverage="100" maxCyclomaticComplexity="1" minCyclomaticComplexity="1" visitedClasses="0" numClasses="0" visitedMethods="0" numMethods="1" />
              <MetadataToken />
              <Name>System.Void UsuarioInvalidoException::.ctor(System.String,System.Exception)</Name>
              <FileRef uid="6" />
              <SequencePoints>
                <SequencePoint vc="0" uspid="6" ordinal="0" sl="6" sc="1" el="6" ec="2" bec="0" bev="0" fileid="6" />
              </SequencePoints>
              <BranchPoints />
              <MethodPoint vc="0" uspid="0" p8:type="SequencePoint" ordinal="2" offset="2" sc="0" sl="6" ec="1" el="6" bec="0" bev="0" fileid="6" xmlns:p8="xsi" />
            </Method>
            <Method cyclomaticComplexity="1" nPathComplexity="1" sequenceCoverage="0" branchCoverage="100" isConstructor="True" isGetter="False" isSetter="False" isStatic="True">
              <Summary numSequencePoints="1" visitedSequencePoints="0" numBranchPoints="0" visitedBranchPoints="0" sequenceCoverage="0" branchCoverage="100" maxCyclomaticComplexity="1" minCyclomaticComplexity="1" visitedClasses="0" numClasses="0" visitedMethods="0" numMethods="1" />
              <MetadataToken />
              <Name>System.Void UsuarioInvalidoException::.ctor(System.Runtime.Serialization.SerializationInfo,System.Runtime.Serialization.StreamingContext)</Name>
              <FileRef uid="6" />
              <SequencePoints>
                <SequencePoint vc="0" uspid="9" ordinal="0" sl="9" sc="1" el="9" ec="2" bec="0" bev="0" fileid="6" />
              </SequencePoints>
              <BranchPoints />
              <MethodPoint vc="0" uspid="0" p8:type="SequencePoint" ordinal="3" offset="3" sc="0" sl="9" ec="1" el="9" bec="0" bev="0" fileid="6" xmlns:p8="xsi" />
            </Method>
          </Methods>
        </Class>
        <Class>
          <Summary numSequencePoints="18" visitedSequencePoints="0" numBranchPoints="6" visitedBranchPoints="0" sequenceCoverage="0" branchCoverage="0" maxCyclomaticComplexity="6" minCyclomaticComplexity="1" visitedClasses="0" numClasses="1" visitedMethods="0" numMethods="2" />
          <FullName>ControleDeContatos.Services.AlterarSenhaServices</FullName>
          <Methods>
            <Method cyclomaticComplexity="6" nPathComplexity="6" sequenceCoverage="0" branchCoverage="0" isConstructor="False" isGetter="False" isSetter="False" isStatic="True">
              <Summary numSequencePoints="14" visitedSequencePoints="0" numBranchPoints="6" visitedBranchPoints="0" sequenceCoverage="0" branchCoverage="0" maxCyclomaticComplexity="6" minCyclomaticComplexity="6" visitedClasses="0" numClasses="0" visitedMethods="0" numMethods="1" />
              <MetadataToken />
              <Name>System.Void ControleDeContatos.Services.AlterarSenhaServices::AlterarSenha(ControleDeContatos.Models.AlterarSenhaModel)</Name>
              <FileRef uid="7" />
              <SequencePoints>
                <SequencePoint vc="0" uspid="20" ordinal="0" sl="20" sc="1" el="20" ec="2" bec="0" bev="0" fileid="7" />
                <SequencePoint vc="0" uspid="22" ordinal="1" sl="22" sc="1" el="22" ec="2" bec="0" bev="0" fileid="7" />
                <SequencePoint vc="0" uspid="23" ordinal="2" sl="23" sc="1" el="23" ec="2" bec="0" bev="0" fileid="7" />
                <SequencePoint vc="0" uspid="25" ordinal="3" sl="25" sc="1" el="25" ec="2" bec="2" bev="0" fileid="7" />
                <SequencePoint vc="0" uspid="27" ordinal="4" sl="27" sc="1" el="27" ec="2" bec="2" bev="0" fileid="7" />
                <SequencePoint vc="0" uspid="29" ordinal="5" sl="29" sc="1" el="29" ec="2" bec="2" bev="0" fileid="7" />
                <SequencePoint vc="0" uspid="31" ordinal="6" sl="31" sc="1" el="31" ec="2" bec="0" bev="0" fileid="7" />
                <SequencePoint vc="0" uspid="32" ordinal="7" sl="32" sc="1" el="32" ec="2" bec="0" bev="0" fileid="7" />
                <SequencePoint vc="0" uspid="34" ordinal="8" sl="34" sc="1" el="34" ec="2" bec="0" bev="0" fileid="7" />
                <SequencePoint vc="0" uspid="35" ordinal="9" sl="35" sc="1" el="35" ec="2" bec="0" bev="0" fileid="7" />
                <SequencePoint vc="0" uspid="36" ordinal="10" sl="36" sc="1" el="36" ec="2" bec="0" bev="0" fileid="7" />
                <SequencePoint vc="0" uspid="37" ordinal="11" sl="37" sc="1" el="37" ec="2" bec="0" bev="0" fileid="7" />
                <SequencePoint vc="0" uspid="38" ordinal="12" sl="38" sc="1" el="38" ec="2" bec="0" bev="0" fileid="7" />
                <SequencePoint vc="0" uspid="42" ordinal="13" sl="42" sc="1" el="42" ec="2" bec="0" bev="0" fileid="7" />
              </SequencePoints>
              <BranchPoints>
                <BranchPoint vc="0" uspid="25" ordinal="0" path="0" offset="26" offsetend="28" sl="25" fileid="7" />
                <BranchPoint vc="0" uspid="25" ordinal="1" path="1" offset="26" offsetend="39" sl="25" fileid="7" />
                <BranchPoint vc="0" uspid="27" ordinal="2" path="0" offset="56" offsetend="58" sl="27" fileid="7" />
                <BranchPoint vc="0" uspid="27" ordinal="3" path="1" offset="56" offsetend="69" sl="27" fileid="7" />
                <BranchPoint vc="0" uspid="29" ordinal="4" path="0" offset="83" offsetend="85" sl="29" fileid="7" />
                <BranchPoint vc="0" uspid="29" ordinal="5" path="1" offset="83" offsetend="96" sl="29" fileid="7" />
              </BranchPoints>
              <MethodPoint vc="0" uspid="0" p8:type="SequencePoint" ordinal="0" offset="0" sc="0" sl="20" ec="1" el="42" bec="0" bev="0" fileid="7" xmlns:p8="xsi" />
            </Method>
            <Method cyclomaticComplexity="1" nPathComplexity="1" sequenceCoverage="0" branchCoverage="100" isConstructor="True" isGetter="False" isSetter="False" isStatic="True">
              <Summary numSequencePoints="4" visitedSequencePoints="0" numBranchPoints="0" visitedBranchPoints="0" sequenceCoverage="0" branchCoverage="100" maxCyclomaticComplexity="1" minCyclomaticComplexity="1" visitedClasses="0" numClasses="0" visitedMethods="0" numMethods="1" />
              <MetadataToken />
              <Name>System.Void ControleDeContatos.Services.AlterarSenhaServices::.ctor(ControleDeContatos.Services.Interfaces.IUsuarioServices)</Name>
              <FileRef uid="7" />
              <SequencePoints>
                <SequencePoint vc="0" uspid="14" ordinal="0" sl="14" sc="1" el="14" ec="2" bec="0" bev="0" fileid="7" />
                <SequencePoint vc="0" uspid="15" ordinal="1" sl="15" sc="1" el="15" ec="2" bec="0" bev="0" fileid="7" />
                <SequencePoint vc="0" uspid="16" ordinal="2" sl="16" sc="1" el="16" ec="2" bec="0" bev="0" fileid="7" />
                <SequencePoint vc="0" uspid="17" ordinal="3" sl="17" sc="1" el="17" ec="2" bec="0" bev="0" fileid="7" />
              </SequencePoints>
              <BranchPoints />
              <MethodPoint vc="0" uspid="0" p8:type="SequencePoint" ordinal="1" offset="1" sc="0" sl="14" ec="1" el="17" bec="0" bev="0" fileid="7" xmlns:p8="xsi" />
            </Method>
          </Methods>
        </Class>
        <Class>
          <Summary numSequencePoints="53" visitedSequencePoints="53" numBranchPoints="8" visitedBranchPoints="8" sequenceCoverage="100" branchCoverage="100" maxCyclomaticComplexity="2" minCyclomaticComplexity="1" visitedClasses="1" numClasses="1" visitedMethods="6" numMethods="6" />
          <FullName>ControleDeContatos.Services.ContatoServices</FullName>
          <Methods>
            <Method cyclomaticComplexity="2" nPathComplexity="2" sequenceCoverage="100" branchCoverage="100" isConstructor="False" isGetter="False" isSetter="False" isStatic="True">
              <Summary numSequencePoints="10" visitedSequencePoints="10" numBranchPoints="2" visitedBranchPoints="2" sequenceCoverage="100" branchCoverage="100" maxCyclomaticComplexity="2" minCyclomaticComplexity="2" visitedClasses="0" numClasses="0" visitedMethods="1" numMethods="1" />
              <MetadataToken />
              <Name>System.Void ControleDeContatos.Services.ContatoServices::ApagarContato(System.Int32)</Name>
              <FileRef uid="8" />
              <SequencePoints>
                <SequencePoint vc="2" uspid="22" ordinal="0" sl="22" sc="1" el="22" ec="2" bec="0" bev="0" fileid="8" />
                <SequencePoint vc="2" uspid="24" ordinal="1" sl="24" sc="1" el="24" ec="2" bec="0" bev="0" fileid="8" />
                <SequencePoint vc="2" uspid="25" ordinal="2" sl="25" sc="1" el="25" ec="2" bec="0" bev="0" fileid="8" />
                <SequencePoint vc="3" uspid="27" ordinal="3" sl="27" sc="1" el="27" ec="2" bec="2" bev="2" fileid="8" />
                <SequencePoint vc="1" uspid="29" ordinal="4" sl="29" sc="1" el="29" ec="2" bec="0" bev="0" fileid="8" />
                <SequencePoint vc="1" uspid="31" ordinal="5" sl="31" sc="1" el="31" ec="2" bec="0" bev="0" fileid="8" />
                <SequencePoint vc="1" uspid="32" ordinal="6" sl="32" sc="1" el="32" ec="2" bec="0" bev="0" fileid="8" />
                <SequencePoint vc="1" uspid="33" ordinal="7" sl="33" sc="1" el="33" ec="2" bec="0" bev="0" fileid="8" />
                <SequencePoint vc="1" uspid="34" ordinal="8" sl="34" sc="1" el="34" ec="2" bec="0" bev="0" fileid="8" />
                <SequencePoint vc="1" uspid="36" ordinal="9" sl="36" sc="1" el="36" ec="2" bec="0" bev="0" fileid="8" />
              </SequencePoints>
              <BranchPoints>
                <BranchPoint vc="1" uspid="27" ordinal="0" path="0" offset="21" offsetend="23" sl="27" fileid="8" />
                <BranchPoint vc="1" uspid="27" ordinal="1" path="1" offset="21" offsetend="34" sl="27" fileid="8" />
              </BranchPoints>
              <MethodPoint vc="10" uspid="0" p8:type="SequencePoint" ordinal="0" offset="0" sc="0" sl="22" ec="1" el="36" bec="0" bev="0" fileid="8" xmlns:p8="xsi" />
            </Method>
            <Method cyclomaticComplexity="2" nPathComplexity="2" sequenceCoverage="100" branchCoverage="100" isConstructor="False" isGetter="False" isSetter="False" isStatic="True">
              <Summary numSequencePoints="13" visitedSequencePoints="13" numBranchPoints="2" visitedBranchPoints="2" sequenceCoverage="100" branchCoverage="100" maxCyclomaticComplexity="2" minCyclomaticComplexity="2" visitedClasses="0" numClasses="0" visitedMethods="1" numMethods="1" />
              <MetadataToken />
              <Name>System.Void ControleDeContatos.Services.ContatoServices::AtualizarContato(ControleDeContatos.Models.ContatoModel)</Name>
              <FileRef uid="8" />
              <SequencePoints>
                <SequencePoint vc="2" uspid="39" ordinal="0" sl="39" sc="1" el="39" ec="2" bec="0" bev="0" fileid="8" />
                <SequencePoint vc="2" uspid="41" ordinal="1" sl="41" sc="1" el="41" ec="2" bec="0" bev="0" fileid="8" />
                <SequencePoint vc="2" uspid="42" ordinal="2" sl="42" sc="1" el="42" ec="2" bec="0" bev="0" fileid="8" />
                <SequencePoint vc="3" uspid="44" ordinal="3" sl="44" sc="1" el="44" ec="2" bec="2" bev="2" fileid="8" />
                <SequencePoint vc="1" uspid="46" ordinal="4" sl="46" sc="1" el="46" ec="2" bec="0" bev="0" fileid="8" />
                <SequencePoint vc="1" uspid="47" ordinal="5" sl="47" sc="1" el="47" ec="2" bec="0" bev="0" fileid="8" />
                <SequencePoint vc="1" uspid="48" ordinal="6" sl="48" sc="1" el="48" ec="2" bec="0" bev="0" fileid="8" />
                <SequencePoint vc="1" uspid="50" ordinal="7" sl="50" sc="1" el="50" ec="2" bec="0" bev="0" fileid="8" />
                <SequencePoint vc="1" uspid="51" ordinal="8" sl="51" sc="1" el="51" ec="2" bec="0" bev="0" fileid="8" />
                <SequencePoint vc="1" uspid="52" ordinal="9" sl="52" sc="1" el="52" ec="2" bec="0" bev="0" fileid="8" />
                <SequencePoint vc="1" uspid="53" ordinal="10" sl="53" sc="1" el="53" ec="2" bec="0" bev="0" fileid="8" />
                <SequencePoint vc="1" uspid="54" ordinal="11" sl="54" sc="1" el="54" ec="2" bec="0" bev="0" fileid="8" />
                <SequencePoint vc="1" uspid="57" ordinal="12" sl="57" sc="1" el="57" ec="2" bec="0" bev="0" fileid="8" />
              </SequencePoints>
              <BranchPoints>
                <BranchPoint vc="1" uspid="44" ordinal="0" path="0" offset="26" offsetend="28" sl="44" fileid="8" />
                <BranchPoint vc="1" uspid="44" ordinal="1" path="1" offset="26" offsetend="39" sl="44" fileid="8" />
              </BranchPoints>
              <MethodPoint vc="13" uspid="0" p8:type="SequencePoint" ordinal="1" offset="1" sc="0" sl="39" ec="1" el="57" bec="0" bev="0" fileid="8" xmlns:p8="xsi" />
            </Method>
            <Method cyclomaticComplexity="2" nPathComplexity="2" sequenceCoverage="100" branchCoverage="100" isConstructor="False" isGetter="False" isSetter="False" isStatic="True">
              <Summary numSequencePoints="9" visitedSequencePoints="9" numBranchPoints="2" visitedBranchPoints="2" sequenceCoverage="100" branchCoverage="100" maxCyclomaticComplexity="2" minCyclomaticComplexity="2" visitedClasses="0" numClasses="0" visitedMethods="1" numMethods="1" />
              <MetadataToken />
              <Name>System.Collections.Generic.List`1&lt;ControleDeContatos.Models.ContatoModel&gt; ControleDeContatos.Services.ContatoServices::BuscarContatos(System.Int32)</Name>
              <FileRef uid="8" />
              <SequencePoints>
                <SequencePoint vc="2" uspid="60" ordinal="0" sl="60" sc="1" el="60" ec="2" bec="0" bev="0" fileid="8" />
                <SequencePoint vc="2" uspid="62" ordinal="1" sl="62" sc="1" el="62" ec="2" bec="0" bev="0" fileid="8" />
                <SequencePoint vc="2" uspid="63" ordinal="2" sl="63" sc="1" el="63" ec="2" bec="0" bev="0" fileid="8" />
                <SequencePoint vc="3" uspid="65" ordinal="3" sl="65" sc="1" el="65" ec="2" bec="2" bev="2" fileid="8" />
                <SequencePoint vc="1" uspid="67" ordinal="4" sl="67" sc="1" el="67" ec="2" bec="0" bev="0" fileid="8" />
                <SequencePoint vc="1" uspid="69" ordinal="5" sl="69" sc="1" el="69" ec="2" bec="0" bev="0" fileid="8" />
                <SequencePoint vc="1" uspid="70" ordinal="6" sl="70" sc="1" el="70" ec="2" bec="0" bev="0" fileid="8" />
                <SequencePoint vc="1" uspid="71" ordinal="7" sl="71" sc="1" el="71" ec="2" bec="0" bev="0" fileid="8" />
                <SequencePoint vc="1" uspid="73" ordinal="8" sl="73" sc="1" el="73" ec="2" bec="0" bev="0" fileid="8" />
              </SequencePoints>
              <BranchPoints>
                <BranchPoint vc="1" uspid="65" ordinal="0" path="0" offset="21" offsetend="23" sl="65" fileid="8" />
                <BranchPoint vc="1" uspid="65" ordinal="1" path="1" offset="21" offsetend="34" sl="65" fileid="8" />
              </BranchPoints>
              <MethodPoint vc="9" uspid="0" p8:type="SequencePoint" ordinal="2" offset="2" sc="0" sl="60" ec="1" el="73" bec="0" bev="0" fileid="8" xmlns:p8="xsi" />
            </Method>
            <Method cyclomaticComplexity="2" nPathComplexity="2" sequenceCoverage="100" branchCoverage="100" isConstructor="False" isGetter="False" isSetter="False" isStatic="True">
              <Summary numSequencePoints="9" visitedSequencePoints="9" numBranchPoints="2" visitedBranchPoints="2" sequenceCoverage="100" branchCoverage="100" maxCyclomaticComplexity="2" minCyclomaticComplexity="2" visitedClasses="0" numClasses="0" visitedMethods="1" numMethods="1" />
              <MetadataToken />
              <Name>ControleDeContatos.Models.ContatoModel ControleDeContatos.Services.ContatoServices::BuscarContato(System.Int32)</Name>
              <FileRef uid="8" />
              <SequencePoints>
                <SequencePoint vc="2" uspid="76" ordinal="0" sl="76" sc="1" el="76" ec="2" bec="0" bev="0" fileid="8" />
                <SequencePoint vc="2" uspid="78" ordinal="1" sl="78" sc="1" el="78" ec="2" bec="0" bev="0" fileid="8" />
                <SequencePoint vc="2" uspid="79" ordinal="2" sl="79" sc="1" el="79" ec="2" bec="0" bev="0" fileid="8" />
                <SequencePoint vc="3" uspid="81" ordinal="3" sl="81" sc="1" el="81" ec="2" bec="2" bev="2" fileid="8" />
                <SequencePoint vc="1" uspid="83" ordinal="4" sl="83" sc="1" el="83" ec="2" bec="0" bev="0" fileid="8" />
                <SequencePoint vc="1" uspid="85" ordinal="5" sl="85" sc="1" el="85" ec="2" bec="0" bev="0" fileid="8" />
                <SequencePoint vc="1" uspid="86" ordinal="6" sl="86" sc="1" el="86" ec="2" bec="0" bev="0" fileid="8" />
                <SequencePoint vc="1" uspid="88" ordinal="7" sl="88" sc="1" el="88" ec="2" bec="0" bev="0" fileid="8" />
                <SequencePoint vc="1" uspid="90" ordinal="8" sl="90" sc="1" el="90" ec="2" bec="0" bev="0" fileid="8" />
              </SequencePoints>
              <BranchPoints>
                <BranchPoint vc="1" uspid="81" ordinal="0" path="0" offset="21" offsetend="23" sl="81" fileid="8" />
                <BranchPoint vc="1" uspid="81" ordinal="1" path="1" offset="21" offsetend="34" sl="81" fileid="8" />
              </BranchPoints>
              <MethodPoint vc="9" uspid="0" p8:type="SequencePoint" ordinal="3" offset="3" sc="0" sl="76" ec="1" el="90" bec="0" bev="0" fileid="8" xmlns:p8="xsi" />
            </Method>
            <Method cyclomaticComplexity="1" nPathComplexity="1" sequenceCoverage="100" branchCoverage="100" isConstructor="False" isGetter="False" isSetter="False" isStatic="True">
              <Summary numSequencePoints="8" visitedSequencePoints="8" numBranchPoints="0" visitedBranchPoints="0" sequenceCoverage="100" branchCoverage="100" maxCyclomaticComplexity="1" minCyclomaticComplexity="1" visitedClasses="0" numClasses="0" visitedMethods="1" numMethods="1" />
              <MetadataToken />
              <Name>System.Void ControleDeContatos.Services.ContatoServices::CriarContato(ControleDeContatos.Models.ContatoModel)</Name>
              <FileRef uid="8" />
              <SequencePoints>
                <SequencePoint vc="2" uspid="92" ordinal="0" sl="92" sc="1" el="92" ec="2" bec="0" bev="0" fileid="8" />
                <SequencePoint vc="2" uspid="94" ordinal="1" sl="94" sc="1" el="94" ec="2" bec="0" bev="0" fileid="8" />
                <SequencePoint vc="2" uspid="95" ordinal="2" sl="95" sc="1" el="95" ec="2" bec="0" bev="0" fileid="8" />
                <SequencePoint vc="1" uspid="97" ordinal="3" sl="97" sc="1" el="97" ec="2" bec="0" bev="0" fileid="8" />
                <SequencePoint vc="1" uspid="98" ordinal="4" sl="98" sc="1" el="98" ec="2" bec="0" bev="0" fileid="8" />
                <SequencePoint vc="1" uspid="99" ordinal="5" sl="99" sc="1" el="99" ec="2" bec="0" bev="0" fileid="8" />
                <SequencePoint vc="1" uspid="101" ordinal="6" sl="101" sc="1" el="101" ec="2" bec="0" bev="0" fileid="8" />
                <SequencePoint vc="1" uspid="103" ordinal="7" sl="103" sc="1" el="103" ec="2" bec="0" bev="0" fileid="8" />
              </SequencePoints>
              <BranchPoints />
              <MethodPoint vc="8" uspid="0" p8:type="SequencePoint" ordinal="4" offset="4" sc="0" sl="92" ec="1" el="103" bec="0" bev="0" fileid="8" xmlns:p8="xsi" />
            </Method>
            <Method cyclomaticComplexity="1" nPathComplexity="1" sequenceCoverage="100" branchCoverage="100" isConstructor="True" isGetter="False" isSetter="False" isStatic="True">
              <Summary numSequencePoints="4" visitedSequencePoints="4" numBranchPoints="0" visitedBranchPoints="0" sequenceCoverage="100" branchCoverage="100" maxCyclomaticComplexity="1" minCyclomaticComplexity="1" visitedClasses="0" numClasses="0" visitedMethods="1" numMethods="1" />
              <MetadataToken />
              <Name>System.Void ControleDeContatos.Services.ContatoServices::.ctor(ControleDeContatos.Repository.IContatoRepository)</Name>
              <FileRef uid="8" />
              <SequencePoints>
                <SequencePoint vc="10" uspid="16" ordinal="0" sl="16" sc="1" el="16" ec="2" bec="0" bev="0" fileid="8" />
                <SequencePoint vc="10" uspid="17" ordinal="1" sl="17" sc="1" el="17" ec="2" bec="0" bev="0" fileid="8" />
                <SequencePoint vc="10" uspid="18" ordinal="2" sl="18" sc="1" el="18" ec="2" bec="0" bev="0" fileid="8" />
                <SequencePoint vc="10" uspid="19" ordinal="3" sl="19" sc="1" el="19" ec="2" bec="0" bev="0" fileid="8" />
              </SequencePoints>
              <BranchPoints />
              <MethodPoint vc="4" uspid="0" p8:type="SequencePoint" ordinal="5" offset="5" sc="0" sl="16" ec="1" el="19" bec="0" bev="0" fileid="8" xmlns:p8="xsi" />
            </Method>
          </Methods>
        </Class>
        <Class>
          <Summary numSequencePoints="12" visitedSequencePoints="12" numBranchPoints="2" visitedBranchPoints="2" sequenceCoverage="100" branchCoverage="100" maxCyclomaticComplexity="2" minCyclomaticComplexity="2" visitedClasses="1" numClasses="1" visitedMethods="1" numMethods="1" />
          <FullName>ControleDeContatos.Services.Criptografia</FullName>
          <Methods>
            <Method cyclomaticComplexity="2" nPathComplexity="2" sequenceCoverage="100" branchCoverage="100" isConstructor="False" isGetter="False" isSetter="False" isStatic="True">
              <Summary numSequencePoints="12" visitedSequencePoints="12" numBranchPoints="2" visitedBranchPoints="2" sequenceCoverage="100" branchCoverage="100" maxCyclomaticComplexity="2" minCyclomaticComplexity="2" visitedClasses="0" numClasses="0" visitedMethods="1" numMethods="1" />
              <MetadataToken />
              <Name>System.String ControleDeContatos.Services.Criptografia::GerarHash(System.String)</Name>
              <FileRef uid="9" />
              <SequencePoints>
                <SequencePoint vc="1" uspid="9" ordinal="0" sl="9" sc="1" el="9" ec="2" bec="0" bev="0" fileid="9" />
                <SequencePoint vc="1" uspid="10" ordinal="1" sl="10" sc="1" el="10" ec="2" bec="0" bev="0" fileid="9" />
                <SequencePoint vc="1" uspid="11" ordinal="2" sl="11" sc="1" el="11" ec="2" bec="0" bev="0" fileid="9" />
                <SequencePoint vc="1" uspid="12" ordinal="3" sl="12" sc="1" el="12" ec="2" bec="0" bev="0" fileid="9" />
                <SequencePoint vc="1" uspid="14" ordinal="4" sl="14" sc="1" el="14" ec="2" bec="0" bev="0" fileid="9" />
                <SequencePoint vc="1" uspid="16" ordinal="5" sl="16" sc="1" el="16" ec="2" bec="0" bev="0" fileid="9" />
                <SequencePoint vc="43" uspid="18" ordinal="6" sl="18" sc="1" el="18" ec="2" bec="2" bev="2" fileid="9" />
                <SequencePoint vc="20" uspid="19" ordinal="7" sl="19" sc="1" el="19" ec="2" bec="0" bev="0" fileid="9" />
                <SequencePoint vc="20" uspid="20" ordinal="8" sl="20" sc="1" el="20" ec="2" bec="0" bev="0" fileid="9" />
                <SequencePoint vc="20" uspid="21" ordinal="9" sl="21" sc="1" el="21" ec="2" bec="0" bev="0" fileid="9" />
                <SequencePoint vc="1" uspid="23" ordinal="10" sl="23" sc="1" el="23" ec="2" bec="0" bev="0" fileid="9" />
                <SequencePoint vc="1" uspid="24" ordinal="11" sl="24" sc="1" el="24" ec="2" bec="0" bev="0" fileid="9" />
              </SequencePoints>
              <BranchPoints>
                <BranchPoint vc="20" uspid="18" ordinal="1" path="1" offset="84" offsetend="44" sl="18" fileid="9" />
                <BranchPoint vc="1" uspid="18" ordinal="0" path="0" offset="84" offsetend="86" sl="18" fileid="9" />
              </BranchPoints>
              <MethodPoint vc="12" uspid="0" p8:type="SequencePoint" ordinal="0" offset="0" sc="0" sl="9" ec="1" el="24" bec="0" bev="0" fileid="9" xmlns:p8="xsi" />
            </Method>
          </Methods>
        </Class>
        <Class>
          <Summary numSequencePoints="30" visitedSequencePoints="0" numBranchPoints="0" visitedBranchPoints="0" sequenceCoverage="0" branchCoverage="100" maxCyclomaticComplexity="1" minCyclomaticComplexity="1" visitedClasses="0" numClasses="1" visitedMethods="0" numMethods="2" />
          <FullName>ControleDeContatos.Services.Email</FullName>
          <Methods>
            <Method cyclomaticComplexity="1" nPathComplexity="1" sequenceCoverage="0" branchCoverage="100" isConstructor="False" isGetter="False" isSetter="False" isStatic="True">
              <Summary numSequencePoints="26" visitedSequencePoints="0" numBranchPoints="0" visitedBranchPoints="0" sequenceCoverage="0" branchCoverage="100" maxCyclomaticComplexity="1" minCyclomaticComplexity="1" visitedClasses="0" numClasses="0" visitedMethods="0" numMethods="1" />
              <MetadataToken />
              <Name>System.Void ControleDeContatos.Services.Email::Enviar(System.String,System.String,System.String)</Name>
              <FileRef uid="10" />
              <SequencePoints>
                <SequencePoint vc="0" uspid="24" ordinal="0" sl="24" sc="1" el="24" ec="2" bec="0" bev="0" fileid="10" />
                <SequencePoint vc="0" uspid="26" ordinal="1" sl="26" sc="1" el="26" ec="2" bec="0" bev="0" fileid="10" />
                <SequencePoint vc="0" uspid="27" ordinal="2" sl="27" sc="1" el="27" ec="2" bec="0" bev="0" fileid="10" />
                <SequencePoint vc="0" uspid="28" ordinal="3" sl="28" sc="1" el="28" ec="2" bec="0" bev="0" fileid="10" />
                <SequencePoint vc="0" uspid="29" ordinal="4" sl="29" sc="1" el="29" ec="2" bec="0" bev="0" fileid="10" />
                <SequencePoint vc="0" uspid="30" ordinal="5" sl="30" sc="1" el="30" ec="2" bec="0" bev="0" fileid="10" />
                <SequencePoint vc="0" uspid="31" ordinal="6" sl="31" sc="1" el="31" ec="2" bec="0" bev="0" fileid="10" />
                <SequencePoint vc="0" uspid="33" ordinal="7" sl="33" sc="1" el="33" ec="2" bec="0" bev="0" fileid="10" />
                <SequencePoint vc="0" uspid="34" ordinal="8" sl="34" sc="1" el="34" ec="2" bec="0" bev="0" fileid="10" />
                <SequencePoint vc="0" uspid="35" ordinal="9" sl="35" sc="1" el="35" ec="2" bec="0" bev="0" fileid="10" />
                <SequencePoint vc="0" uspid="37" ordinal="10" sl="37" sc="1" el="37" ec="2" bec="0" bev="0" fileid="10" />
                <SequencePoint vc="0" uspid="38" ordinal="11" sl="38" sc="1" el="38" ec="2" bec="0" bev="0" fileid="10" />
                <SequencePoint vc="0" uspid="39" ordinal="12" sl="39" sc="1" el="39" ec="2" bec="0" bev="0" fileid="10" />
                <SequencePoint vc="0" uspid="40" ordinal="13" sl="40" sc="1" el="40" ec="2" bec="0" bev="0" fileid="10" />
                <SequencePoint vc="0" uspid="41" ordinal="14" sl="41" sc="1" el="41" ec="2" bec="0" bev="0" fileid="10" />
                <SequencePoint vc="0" uspid="43" ordinal="15" sl="43" sc="1" el="43" ec="2" bec="0" bev="0" fileid="10" />
                <SequencePoint vc="0" uspid="44" ordinal="16" sl="44" sc="1" el="44" ec="2" bec="0" bev="0" fileid="10" />
                <SequencePoint vc="0" uspid="45" ordinal="17" sl="45" sc="1" el="45" ec="2" bec="0" bev="0" fileid="10" />
                <SequencePoint vc="0" uspid="46" ordinal="18" sl="46" sc="1" el="46" ec="2" bec="0" bev="0" fileid="10" />
                <SequencePoint vc="0" uspid="48" ordinal="19" sl="48" sc="1" el="48" ec="2" bec="0" bev="0" fileid="10" />
                <SequencePoint vc="0" uspid="49" ordinal="20" sl="49" sc="1" el="49" ec="2" bec="0" bev="0" fileid="10" />
                <SequencePoint vc="0" uspid="50" ordinal="21" sl="50" sc="1" el="50" ec="2" bec="0" bev="0" fileid="10" />
                <SequencePoint vc="0" uspid="51" ordinal="22" sl="51" sc="1" el="51" ec="2" bec="0" bev="0" fileid="10" />
                <SequencePoint vc="0" uspid="52" ordinal="23" sl="52" sc="1" el="52" ec="2" bec="0" bev="0" fileid="10" />
                <SequencePoint vc="0" uspid="54" ordinal="24" sl="54" sc="1" el="54" ec="2" bec="0" bev="0" fileid="10" />
                <SequencePoint vc="0" uspid="56" ordinal="25" sl="56" sc="1" el="56" ec="2" bec="0" bev="0" fileid="10" />
              </SequencePoints>
              <BranchPoints />
              <MethodPoint vc="0" uspid="0" p8:type="SequencePoint" ordinal="0" offset="0" sc="0" sl="24" ec="1" el="56" bec="0" bev="0" fileid="10" xmlns:p8="xsi" />
            </Method>
            <Method cyclomaticComplexity="1" nPathComplexity="1" sequenceCoverage="0" branchCoverage="100" isConstructor="True" isGetter="False" isSetter="False" isStatic="True">
              <Summary numSequencePoints="4" visitedSequencePoints="0" numBranchPoints="0" visitedBranchPoints="0" sequenceCoverage="0" branchCoverage="100" maxCyclomaticComplexity="1" minCyclomaticComplexity="1" visitedClasses="0" numClasses="0" visitedMethods="0" numMethods="1" />
              <MetadataToken />
              <Name>System.Void ControleDeContatos.Services.Email::.ctor(Microsoft.Extensions.Configuration.IConfiguration)</Name>
              <FileRef uid="10" />
              <SequencePoints>
                <SequencePoint vc="0" uspid="18" ordinal="0" sl="18" sc="1" el="18" ec="2" bec="0" bev="0" fileid="10" />
                <SequencePoint vc="0" uspid="19" ordinal="1" sl="19" sc="1" el="19" ec="2" bec="0" bev="0" fileid="10" />
                <SequencePoint vc="0" uspid="20" ordinal="2" sl="20" sc="1" el="20" ec="2" bec="0" bev="0" fileid="10" />
                <SequencePoint vc="0" uspid="21" ordinal="3" sl="21" sc="1" el="21" ec="2" bec="0" bev="0" fileid="10" />
              </SequencePoints>
              <BranchPoints />
              <MethodPoint vc="0" uspid="0" p8:type="SequencePoint" ordinal="1" offset="1" sc="0" sl="18" ec="1" el="21" bec="0" bev="0" fileid="10" xmlns:p8="xsi" />
            </Method>
          </Methods>
        </Class>
        <Class>
          <Summary numSequencePoints="34" visitedSequencePoints="0" numBranchPoints="8" visitedBranchPoints="0" sequenceCoverage="0" branchCoverage="0" maxCyclomaticComplexity="4" minCyclomaticComplexity="1" visitedClasses="0" numClasses="1" visitedMethods="0" numMethods="4" />
          <FullName>ControleDeContatos.Services.LoginServices</FullName>
          <Methods>
            <Method cyclomaticComplexity="4" nPathComplexity="4" sequenceCoverage="0" branchCoverage="0" isConstructor="False" isGetter="False" isSetter="False" isStatic="True">
              <Summary numSequencePoints="11" visitedSequencePoints="0" numBranchPoints="4" visitedBranchPoints="0" sequenceCoverage="0" branchCoverage="0" maxCyclomaticComplexity="4" minCyclomaticComplexity="4" visitedClasses="0" numClasses="0" visitedMethods="0" numMethods="1" />
              <MetadataToken />
              <Name>System.Void ControleDeContatos.Services.LoginServices::FazerLogin(ControleDeContatos.Models.LoginModel,ControleDeContatos.Services.Interfaces.ISessao)</Name>
              <FileRef uid="11" />
              <SequencePoints>
                <SequencePoint vc="0" uspid="24" ordinal="0" sl="24" sc="1" el="24" ec="2" bec="0" bev="0" fileid="11" />
                <SequencePoint vc="0" uspid="26" ordinal="1" sl="26" sc="1" el="26" ec="2" bec="0" bev="0" fileid="11" />
                <SequencePoint vc="0" uspid="27" ordinal="2" sl="27" sc="1" el="27" ec="2" bec="0" bev="0" fileid="11" />
                <SequencePoint vc="0" uspid="29" ordinal="3" sl="29" sc="1" el="29" ec="2" bec="2" bev="0" fileid="11" />
                <SequencePoint vc="0" uspid="31" ordinal="4" sl="31" sc="1" el="31" ec="2" bec="2" bev="0" fileid="11" />
                <SequencePoint vc="0" uspid="33" ordinal="5" sl="33" sc="1" el="33" ec="2" bec="0" bev="0" fileid="11" />
                <SequencePoint vc="0" uspid="35" ordinal="6" sl="35" sc="1" el="35" ec="2" bec="0" bev="0" fileid="11" />
                <SequencePoint vc="0" uspid="36" ordinal="7" sl="36" sc="1" el="36" ec="2" bec="0" bev="0" fileid="11" />
                <SequencePoint vc="0" uspid="37" ordinal="8" sl="37" sc="1" el="37" ec="2" bec="0" bev="0" fileid="11" />
                <SequencePoint vc="0" uspid="39" ordinal="9" sl="39" sc="1" el="39" ec="2" bec="0" bev="0" fileid="11" />
                <SequencePoint vc="0" uspid="42" ordinal="10" sl="42" sc="1" el="42" ec="2" bec="0" bev="0" fileid="11" />
              </SequencePoints>
              <BranchPoints>
                <BranchPoint vc="0" uspid="29" ordinal="0" path="0" offset="26" offsetend="28" sl="29" fileid="11" />
                <BranchPoint vc="0" uspid="29" ordinal="1" path="1" offset="26" offsetend="39" sl="29" fileid="11" />
                <BranchPoint vc="0" uspid="31" ordinal="2" path="0" offset="56" offsetend="58" sl="31" fileid="11" />
                <BranchPoint vc="0" uspid="31" ordinal="3" path="1" offset="56" offsetend="69" sl="31" fileid="11" />
              </BranchPoints>
              <MethodPoint vc="0" uspid="0" p8:type="SequencePoint" ordinal="0" offset="0" sc="0" sl="24" ec="1" el="42" bec="0" bev="0" fileid="11" xmlns:p8="xsi" />
            </Method>
            <Method cyclomaticComplexity="4" nPathComplexity="4" sequenceCoverage="0" branchCoverage="0" isConstructor="False" isGetter="False" isSetter="False" isStatic="True">
              <Summary numSequencePoints="10" visitedSequencePoints="0" numBranchPoints="4" visitedBranchPoints="0" sequenceCoverage="0" branchCoverage="0" maxCyclomaticComplexity="4" minCyclomaticComplexity="4" visitedClasses="0" numClasses="0" visitedMethods="0" numMethods="1" />
              <MetadataToken />
              <Name>ControleDeContatos.Models.UsuarioModel ControleDeContatos.Services.LoginServices::ValidaUsuarioCadastrado(System.String,System.String)</Name>
              <FileRef uid="11" />
              <SequencePoints>
                <SequencePoint vc="0" uspid="45" ordinal="0" sl="45" sc="1" el="45" ec="2" bec="0" bev="0" fileid="11" />
                <SequencePoint vc="0" uspid="47" ordinal="1" sl="47" sc="1" el="47" ec="2" bec="0" bev="0" fileid="11" />
                <SequencePoint vc="0" uspid="48" ordinal="2" sl="48" sc="1" el="48" ec="2" bec="0" bev="0" fileid="11" />
                <SequencePoint vc="0" uspid="50" ordinal="3" sl="50" sc="1" el="50" ec="2" bec="2" bev="0" fileid="11" />
                <SequencePoint vc="0" uspid="52" ordinal="4" sl="52" sc="1" el="52" ec="2" bec="2" bev="0" fileid="11" />
                <SequencePoint vc="0" uspid="54" ordinal="5" sl="54" sc="1" el="54" ec="2" bec="0" bev="0" fileid="11" />
                <SequencePoint vc="0" uspid="56" ordinal="6" sl="56" sc="1" el="56" ec="2" bec="0" bev="0" fileid="11" />
                <SequencePoint vc="0" uspid="57" ordinal="7" sl="57" sc="1" el="57" ec="2" bec="0" bev="0" fileid="11" />
                <SequencePoint vc="0" uspid="58" ordinal="8" sl="58" sc="1" el="58" ec="2" bec="0" bev="0" fileid="11" />
                <SequencePoint vc="0" uspid="60" ordinal="9" sl="60" sc="1" el="60" ec="2" bec="0" bev="0" fileid="11" />
              </SequencePoints>
              <BranchPoints>
                <BranchPoint vc="0" uspid="50" ordinal="0" path="0" offset="21" offsetend="23" sl="50" fileid="11" />
                <BranchPoint vc="0" uspid="50" ordinal="1" path="1" offset="21" offsetend="34" sl="50" fileid="11" />
                <BranchPoint vc="0" uspid="52" ordinal="2" path="0" offset="48" offsetend="50" sl="52" fileid="11" />
                <BranchPoint vc="0" uspid="52" ordinal="3" path="1" offset="48" offsetend="61" sl="52" fileid="11" />
              </BranchPoints>
              <MethodPoint vc="0" uspid="0" p8:type="SequencePoint" ordinal="1" offset="1" sc="0" sl="45" ec="1" el="60" bec="0" bev="0" fileid="11" xmlns:p8="xsi" />
            </Method>
            <Method cyclomaticComplexity="1" nPathComplexity="1" sequenceCoverage="0" branchCoverage="100" isConstructor="False" isGetter="False" isSetter="False" isStatic="True">
              <Summary numSequencePoints="8" visitedSequencePoints="0" numBranchPoints="0" visitedBranchPoints="0" sequenceCoverage="0" branchCoverage="100" maxCyclomaticComplexity="1" minCyclomaticComplexity="1" visitedClasses="0" numClasses="0" visitedMethods="0" numMethods="1" />
              <MetadataToken />
              <Name>System.Void ControleDeContatos.Services.LoginServices::EnviarNovaSenha(System.String,System.String)</Name>
              <FileRef uid="11" />
              <SequencePoints>
                <SequencePoint vc="0" uspid="63" ordinal="0" sl="63" sc="1" el="63" ec="2" bec="0" bev="0" fileid="11" />
                <SequencePoint vc="0" uspid="65" ordinal="1" sl="65" sc="1" el="65" ec="2" bec="0" bev="0" fileid="11" />
                <SequencePoint vc="0" uspid="67" ordinal="2" sl="67" sc="1" el="67" ec="2" bec="0" bev="0" fileid="11" />
                <SequencePoint vc="0" uspid="69" ordinal="3" sl="69" sc="1" el="69" ec="2" bec="0" bev="0" fileid="11" />
                <SequencePoint vc="0" uspid="70" ordinal="4" sl="70" sc="1" el="70" ec="2" bec="0" bev="0" fileid="11" />
                <SequencePoint vc="0" uspid="71" ordinal="5" sl="71" sc="1" el="71" ec="2" bec="0" bev="0" fileid="11" />
                <SequencePoint vc="0" uspid="72" ordinal="6" sl="72" sc="1" el="72" ec="2" bec="0" bev="0" fileid="11" />
                <SequencePoint vc="0" uspid="74" ordinal="7" sl="74" sc="1" el="74" ec="2" bec="0" bev="0" fileid="11" />
              </SequencePoints>
              <BranchPoints />
              <MethodPoint vc="0" uspid="0" p8:type="SequencePoint" ordinal="2" offset="2" sc="0" sl="63" ec="1" el="74" bec="0" bev="0" fileid="11" xmlns:p8="xsi" />
            </Method>
            <Method cyclomaticComplexity="1" nPathComplexity="1" sequenceCoverage="0" branchCoverage="100" isConstructor="True" isGetter="False" isSetter="False" isStatic="True">
              <Summary numSequencePoints="5" visitedSequencePoints="0" numBranchPoints="0" visitedBranchPoints="0" sequenceCoverage="0" branchCoverage="100" maxCyclomaticComplexity="1" minCyclomaticComplexity="1" visitedClasses="0" numClasses="0" visitedMethods="0" numMethods="1" />
              <MetadataToken />
              <Name>System.Void ControleDeContatos.Services.LoginServices::.ctor(ControleDeContatos.Repository.IUsuarioRepository,ControleDeContatos.Services.Interfaces.IEmail)</Name>
              <FileRef uid="11" />
              <SequencePoints>
                <SequencePoint vc="0" uspid="17" ordinal="0" sl="17" sc="1" el="17" ec="2" bec="0" bev="0" fileid="11" />
                <SequencePoint vc="0" uspid="18" ordinal="1" sl="18" sc="1" el="18" ec="2" bec="0" bev="0" fileid="11" />
                <SequencePoint vc="0" uspid="19" ordinal="2" sl="19" sc="1" el="19" ec="2" bec="0" bev="0" fileid="11" />
                <SequencePoint vc="0" uspid="20" ordinal="3" sl="20" sc="1" el="20" ec="2" bec="0" bev="0" fileid="11" />
                <SequencePoint vc="0" uspid="21" ordinal="4" sl="21" sc="1" el="21" ec="2" bec="0" bev="0" fileid="11" />
              </SequencePoints>
              <BranchPoints />
              <MethodPoint vc="0" uspid="0" p8:type="SequencePoint" ordinal="3" offset="3" sc="0" sl="17" ec="1" el="21" bec="0" bev="0" fileid="11" xmlns:p8="xsi" />
            </Method>
          </Methods>
        </Class>
        <Class>
          <Summary numSequencePoints="16" visitedSequencePoints="0" numBranchPoints="2" visitedBranchPoints="0" sequenceCoverage="0" branchCoverage="0" maxCyclomaticComplexity="2" minCyclomaticComplexity="1" visitedClasses="0" numClasses="1" visitedMethods="0" numMethods="4" />
          <FullName>ControleDeContatos.Services.Sessao</FullName>
          <Methods>
            <Method cyclomaticComplexity="2" nPathComplexity="2" sequenceCoverage="0" branchCoverage="0" isConstructor="False" isGetter="False" isSetter="False" isStatic="True">
              <Summary numSequencePoints="5" visitedSequencePoints="0" numBranchPoints="2" visitedBranchPoints="0" sequenceCoverage="0" branchCoverage="0" maxCyclomaticComplexity="2" minCyclomaticComplexity="2" visitedClasses="0" numClasses="0" visitedMethods="0" numMethods="1" />
              <MetadataToken />
              <Name>ControleDeContatos.Models.UsuarioModel ControleDeContatos.Services.Sessao::BuscarSessaoUsuario()</Name>
              <FileRef uid="12" />
              <SequencePoints>
                <SequencePoint vc="0" uspid="23" ordinal="0" sl="23" sc="1" el="23" ec="2" bec="0" bev="0" fileid="12" />
                <SequencePoint vc="0" uspid="24" ordinal="1" sl="24" sc="1" el="24" ec="2" bec="0" bev="0" fileid="12" />
                <SequencePoint vc="0" uspid="26" ordinal="2" sl="26" sc="1" el="26" ec="2" bec="2" bev="0" fileid="12" />
                <SequencePoint vc="0" uspid="28" ordinal="3" sl="28" sc="1" el="28" ec="2" bec="0" bev="0" fileid="12" />
                <SequencePoint vc="0" uspid="29" ordinal="4" sl="29" sc="1" el="29" ec="2" bec="0" bev="0" fileid="12" />
              </SequencePoints>
              <BranchPoints>
                <BranchPoint vc="0" uspid="26" ordinal="0" path="0" offset="36" offsetend="38" sl="26" fileid="12" />
                <BranchPoint vc="0" uspid="26" ordinal="1" path="1" offset="36" offsetend="42" sl="26" fileid="12" />
              </BranchPoints>
              <MethodPoint vc="0" uspid="0" p8:type="SequencePoint" ordinal="0" offset="0" sc="0" sl="23" ec="1" el="29" bec="0" bev="0" fileid="12" xmlns:p8="xsi" />
            </Method>
            <Method cyclomaticComplexity="1" nPathComplexity="1" sequenceCoverage="0" branchCoverage="100" isConstructor="False" isGetter="False" isSetter="False" isStatic="True">
              <Summary numSequencePoints="4" visitedSequencePoints="0" numBranchPoints="0" visitedBranchPoints="0" sequenceCoverage="0" branchCoverage="100" maxCyclomaticComplexity="1" minCyclomaticComplexity="1" visitedClasses="0" numClasses="0" visitedMethods="0" numMethods="1" />
              <MetadataToken />
              <Name>System.Void ControleDeContatos.Services.Sessao::CriarSessaoUsuario(ControleDeContatos.Models.UsuarioModel)</Name>
              <FileRef uid="12" />
              <SequencePoints>
                <SequencePoint vc="0" uspid="32" ordinal="0" sl="32" sc="1" el="32" ec="2" bec="0" bev="0" fileid="12" />
                <SequencePoint vc="0" uspid="33" ordinal="1" sl="33" sc="1" el="33" ec="2" bec="0" bev="0" fileid="12" />
                <SequencePoint vc="0" uspid="35" ordinal="2" sl="35" sc="1" el="35" ec="2" bec="0" bev="0" fileid="12" />
                <SequencePoint vc="0" uspid="36" ordinal="3" sl="36" sc="1" el="36" ec="2" bec="0" bev="0" fileid="12" />
              </SequencePoints>
              <BranchPoints />
              <MethodPoint vc="0" uspid="0" p8:type="SequencePoint" ordinal="1" offset="1" sc="0" sl="32" ec="1" el="36" bec="0" bev="0" fileid="12" xmlns:p8="xsi" />
            </Method>
            <Method cyclomaticComplexity="1" nPathComplexity="1" sequenceCoverage="0" branchCoverage="100" isConstructor="False" isGetter="False" isSetter="False" isStatic="True">
              <Summary numSequencePoints="3" visitedSequencePoints="0" numBranchPoints="0" visitedBranchPoints="0" sequenceCoverage="0" branchCoverage="100" maxCyclomaticComplexity="1" minCyclomaticComplexity="1" visitedClasses="0" numClasses="0" visitedMethods="0" numMethods="1" />
              <MetadataToken />
              <Name>System.Void ControleDeContatos.Services.Sessao::RemoverSessaoUsuario()</Name>
              <FileRef uid="12" />
              <SequencePoints>
                <SequencePoint vc="0" uspid="39" ordinal="0" sl="39" sc="1" el="39" ec="2" bec="0" bev="0" fileid="12" />
                <SequencePoint vc="0" uspid="40" ordinal="1" sl="40" sc="1" el="40" ec="2" bec="0" bev="0" fileid="12" />
                <SequencePoint vc="0" uspid="41" ordinal="2" sl="41" sc="1" el="41" ec="2" bec="0" bev="0" fileid="12" />
              </SequencePoints>
              <BranchPoints />
              <MethodPoint vc="0" uspid="0" p8:type="SequencePoint" ordinal="2" offset="2" sc="0" sl="39" ec="1" el="41" bec="0" bev="0" fileid="12" xmlns:p8="xsi" />
            </Method>
            <Method cyclomaticComplexity="1" nPathComplexity="1" sequenceCoverage="0" branchCoverage="100" isConstructor="True" isGetter="False" isSetter="False" isStatic="True">
              <Summary numSequencePoints="4" visitedSequencePoints="0" numBranchPoints="0" visitedBranchPoints="0" sequenceCoverage="0" branchCoverage="100" maxCyclomaticComplexity="1" minCyclomaticComplexity="1" visitedClasses="0" numClasses="0" visitedMethods="0" numMethods="1" />
              <MetadataToken />
              <Name>System.Void ControleDeContatos.Services.Sessao::.ctor(Microsoft.AspNetCore.Http.IHttpContextAccessor)</Name>
              <FileRef uid="12" />
              <SequencePoints>
                <SequencePoint vc="0" uspid="17" ordinal="0" sl="17" sc="1" el="17" ec="2" bec="0" bev="0" fileid="12" />
                <SequencePoint vc="0" uspid="18" ordinal="1" sl="18" sc="1" el="18" ec="2" bec="0" bev="0" fileid="12" />
                <SequencePoint vc="0" uspid="19" ordinal="2" sl="19" sc="1" el="19" ec="2" bec="0" bev="0" fileid="12" />
                <SequencePoint vc="0" uspid="20" ordinal="3" sl="20" sc="1" el="20" ec="2" bec="0" bev="0" fileid="12" />
              </SequencePoints>
              <BranchPoints />
              <MethodPoint vc="0" uspid="0" p8:type="SequencePoint" ordinal="3" offset="3" sc="0" sl="17" ec="1" el="20" bec="0" bev="0" fileid="12" xmlns:p8="xsi" />
            </Method>
          </Methods>
        </Class>
        <Class>
          <Summary numSequencePoints="65" visitedSequencePoints="55" numBranchPoints="10" visitedBranchPoints="8" sequenceCoverage="84.61" branchCoverage="80" maxCyclomaticComplexity="4" minCyclomaticComplexity="1" visitedClasses="1" numClasses="1" visitedMethods="6" numMethods="7" />
          <FullName>ControleDeContatos.Services.UsuarioServices</FullName>
          <Methods>
            <Method cyclomaticComplexity="4" nPathComplexity="4" sequenceCoverage="100" branchCoverage="100" isConstructor="False" isGetter="False" isSetter="False" isStatic="True">
              <Summary numSequencePoints="12" visitedSequencePoints="12" numBranchPoints="4" visitedBranchPoints="4" sequenceCoverage="100" branchCoverage="100" maxCyclomaticComplexity="4" minCyclomaticComplexity="4" visitedClasses="0" numClasses="0" visitedMethods="1" numMethods="1" />
              <MetadataToken />
              <Name>System.Void ControleDeContatos.Services.UsuarioServices::AdicionarUsuario(ControleDeContatos.Models.UsuarioModel)</Name>
              <FileRef uid="13" />
              <SequencePoints>
                <SequencePoint vc="3" uspid="22" ordinal="0" sl="22" sc="1" el="22" ec="2" bec="0" bev="0" fileid="13" />
                <SequencePoint vc="3" uspid="24" ordinal="1" sl="24" sc="1" el="24" ec="2" bec="0" bev="0" fileid="13" />
                <SequencePoint vc="4" uspid="25" ordinal="2" sl="25" sc="1" el="25" ec="2" bec="2" bev="2" fileid="13" />
                <SequencePoint vc="3" uspid="27" ordinal="3" sl="27" sc="1" el="27" ec="2" bec="2" bev="2" fileid="13" />
                <SequencePoint vc="1" uspid="29" ordinal="4" sl="29" sc="1" el="29" ec="2" bec="0" bev="0" fileid="13" />
                <SequencePoint vc="1" uspid="30" ordinal="5" sl="30" sc="1" el="30" ec="2" bec="0" bev="0" fileid="13" />
                <SequencePoint vc="1" uspid="32" ordinal="6" sl="32" sc="1" el="32" ec="2" bec="0" bev="0" fileid="13" />
                <SequencePoint vc="1" uspid="33" ordinal="7" sl="33" sc="1" el="33" ec="2" bec="0" bev="0" fileid="13" />
                <SequencePoint vc="2" uspid="34" ordinal="8" sl="34" sc="1" el="34" ec="2" bec="0" bev="0" fileid="13" />
                <SequencePoint vc="2" uspid="35" ordinal="9" sl="35" sc="1" el="35" ec="2" bec="0" bev="0" fileid="13" />
                <SequencePoint vc="2" uspid="36" ordinal="10" sl="36" sc="1" el="36" ec="2" bec="0" bev="0" fileid="13" />
                <SequencePoint vc="1" uspid="38" ordinal="11" sl="38" sc="1" el="38" ec="2" bec="0" bev="0" fileid="13" />
              </SequencePoints>
              <BranchPoints>
                <BranchPoint vc="1" uspid="25" ordinal="0" path="0" offset="24" offsetend="26" sl="25" fileid="13" />
                <BranchPoint vc="2" uspid="25" ordinal="1" path="1" offset="24" offsetend="37" sl="25" fileid="13" />
                <BranchPoint vc="1" uspid="27" ordinal="2" path="0" offset="59" offsetend="61" sl="27" fileid="13" />
                <BranchPoint vc="1" uspid="27" ordinal="3" path="1" offset="59" offsetend="72" sl="27" fileid="13" />
              </BranchPoints>
              <MethodPoint vc="12" uspid="0" p8:type="SequencePoint" ordinal="0" offset="0" sc="0" sl="22" ec="1" el="38" bec="0" bev="0" fileid="13" xmlns:p8="xsi" />
            </Method>
            <Method cyclomaticComplexity="2" nPathComplexity="2" sequenceCoverage="100" branchCoverage="100" isConstructor="False" isGetter="False" isSetter="False" isStatic="True">
              <Summary numSequencePoints="10" visitedSequencePoints="10" numBranchPoints="2" visitedBranchPoints="2" sequenceCoverage="100" branchCoverage="100" maxCyclomaticComplexity="2" minCyclomaticComplexity="2" visitedClasses="0" numClasses="0" visitedMethods="1" numMethods="1" />
              <MetadataToken />
              <Name>System.Void ControleDeContatos.Services.UsuarioServices::ApagarUsuario(System.Int32)</Name>
              <FileRef uid="13" />
              <SequencePoints>
                <SequencePoint vc="2" uspid="41" ordinal="0" sl="41" sc="1" el="41" ec="2" bec="0" bev="0" fileid="13" />
                <SequencePoint vc="2" uspid="43" ordinal="1" sl="43" sc="1" el="43" ec="2" bec="0" bev="0" fileid="13" />
                <SequencePoint vc="2" uspid="44" ordinal="2" sl="44" sc="1" el="44" ec="2" bec="0" bev="0" fileid="13" />
                <SequencePoint vc="3" uspid="46" ordinal="3" sl="46" sc="1" el="46" ec="2" bec="2" bev="2" fileid="13" />
                <SequencePoint vc="1" uspid="48" ordinal="4" sl="48" sc="1" el="48" ec="2" bec="0" bev="0" fileid="13" />
                <SequencePoint vc="1" uspid="49" ordinal="5" sl="49" sc="1" el="49" ec="2" bec="0" bev="0" fileid="13" />
                <SequencePoint vc="1" uspid="50" ordinal="6" sl="50" sc="1" el="50" ec="2" bec="0" bev="0" fileid="13" />
                <SequencePoint vc="1" uspid="51" ordinal="7" sl="51" sc="1" el="51" ec="2" bec="0" bev="0" fileid="13" />
                <SequencePoint vc="1" uspid="52" ordinal="8" sl="52" sc="1" el="52" ec="2" bec="0" bev="0" fileid="13" />
                <SequencePoint vc="1" uspid="54" ordinal="9" sl="54" sc="1" el="54" ec="2" bec="0" bev="0" fileid="13" />
              </SequencePoints>
              <BranchPoints>
                <BranchPoint vc="1" uspid="46" ordinal="0" path="0" offset="21" offsetend="23" sl="46" fileid="13" />
                <BranchPoint vc="1" uspid="46" ordinal="1" path="1" offset="21" offsetend="34" sl="46" fileid="13" />
              </BranchPoints>
              <MethodPoint vc="10" uspid="0" p8:type="SequencePoint" ordinal="1" offset="1" sc="0" sl="41" ec="1" el="54" bec="0" bev="0" fileid="13" xmlns:p8="xsi" />
            </Method>
            <Method cyclomaticComplexity="2" nPathComplexity="2" sequenceCoverage="100" branchCoverage="100" isConstructor="False" isGetter="False" isSetter="False" isStatic="True">
              <Summary numSequencePoints="23" visitedSequencePoints="23" numBranchPoints="2" visitedBranchPoints="2" sequenceCoverage="100" branchCoverage="100" maxCyclomaticComplexity="2" minCyclomaticComplexity="2" visitedClasses="0" numClasses="0" visitedMethods="1" numMethods="1" />
[...]
              </SequencePoints>
              <BranchPoints>
                <BranchPoint vc="0" uspid="79" ordinal="0" path="0" offset="15" offsetend="17" sl="79" fileid="20" />
                <BranchPoint vc="0" uspid="79" ordinal="1" path="1" offset="15" offsetend="138" sl="79" fileid="20" />
                <BranchPoint vc="0" uspid="100" ordinal="2" path="0" offset="178" offsetend="180" sl="100" fileid="20" />
                <BranchPoint vc="0" uspid="100" ordinal="3" path="1" offset="178" offsetend="186" sl="100" fileid="20" />
                <BranchPoint vc="0" uspid="105" ordinal="4" path="0" offset="232" offsetend="234" sl="105" fileid="20" />
                <BranchPoint vc="0" uspid="105" ordinal="5" path="1" offset="232" offsetend="240" sl="105" fileid="20" />
              </BranchPoints>
              <MethodPoint vc="0" uspid="0" p8:type="SequencePoint" ordinal="3" offset="3" sc="0" sl="76" ec="1" el="119" bec="0" bev="0" fileid="20" xmlns:p8="xsi" />
            </Method>
            <Method cyclomaticComplexity="1" nPathComplexity="1" sequenceCoverage="0" branchCoverage="100" isConstructor="False" isGetter="False" isSetter="False" isStatic="True">
              <Summary numSequencePoints="4" visitedSequencePoints="0" numBranchPoints="0" visitedBranchPoints="0" sequenceCoverage="0" branchCoverage="100" maxCyclomaticComplexity="1" minCyclomaticComplexity="1" visitedClasses="0" numClasses="0" visitedMethods="0" numMethods="1" />
              <MetadataToken />
              <Name>Microsoft.AspNetCore.Mvc.IActionResult ControleDeContatos.Controllers.LoginController::Sair()</Name>
              <FileRef uid="20" />
              <SequencePoints>
                <SequencePoint vc="0" uspid="122" ordinal="0" sl="122" sc="1" el="122" ec="2" bec="0" bev="0" fileid="20" />
                <SequencePoint vc="0" uspid="123" ordinal="1" sl="123" sc="1" el="123" ec="2" bec="0" bev="0" fileid="20" />
                <SequencePoint vc="0" uspid="124" ordinal="2" sl="124" sc="1" el="124" ec="2" bec="0" bev="0" fileid="20" />
                <SequencePoint vc="0" uspid="125" ordinal="3" sl="125" sc="1" el="125" ec="2" bec="0" bev="0" fileid="20" />
              </SequencePoints>
              <BranchPoints />
              <MethodPoint vc="0" uspid="0" p8:type="SequencePoint" ordinal="4" offset="4" sc="0" sl="122" ec="1" el="125" bec="0" bev="0" fileid="20" xmlns:p8="xsi" />
            </Method>
            <Method cyclomaticComplexity="1" nPathComplexity="1" sequenceCoverage="100" branchCoverage="100" isConstructor="True" isGetter="False" isSetter="False" isStatic="True">
              <Summary numSequencePoints="8" visitedSequencePoints="8" numBranchPoints="0" visitedBranchPoints="0" sequenceCoverage="100" branchCoverage="100" maxCyclomaticComplexity="1" minCyclomaticComplexity="1" visitedClasses="0" numClasses="0" visitedMethods="1" numMethods="1" />
              <MetadataToken />
              <Name>System.Void ControleDeContatos.Controllers.LoginController::.ctor(ControleDeContatos.Services.Interfaces.IUsuarioServices,ControleDeContatos.Services.Interfaces.ISessao,ControleDeContatos.Services.Interfaces.ILoginServices)</Name>
              <FileRef uid="20" />
              <SequencePoints>
                <SequencePoint vc="4" uspid="20" ordinal="0" sl="20" sc="1" el="20" ec="2" bec="0" bev="0" fileid="20" />
                <SequencePoint vc="4" uspid="21" ordinal="1" sl="21" sc="1" el="21" ec="2" bec="0" bev="0" fileid="20" />
                <SequencePoint vc="4" uspid="22" ordinal="2" sl="22" sc="1" el="22" ec="2" bec="0" bev="0" fileid="20" />
                <SequencePoint vc="4" uspid="23" ordinal="3" sl="23" sc="1" el="23" ec="2" bec="0" bev="0" fileid="20" />
                <SequencePoint vc="4" uspid="24" ordinal="4" sl="24" sc="1" el="24" ec="2" bec="0" bev="0" fileid="20" />
                <SequencePoint vc="4" uspid="25" ordinal="5" sl="25" sc="1" el="25" ec="2" bec="0" bev="0" fileid="20" />
                <SequencePoint vc="4" uspid="26" ordinal="6" sl="26" sc="1" el="26" ec="2" bec="0" bev="0" fileid="20" />
                <SequencePoint vc="4" uspid="27" ordinal="7" sl="27" sc="1" el="27" ec="2" bec="0" bev="0" fileid="20" />
              </SequencePoints>
              <BranchPoints />
              <MethodPoint vc="8" uspid="0" p8:type="SequencePoint" ordinal="5" offset="5" sc="0" sl="20" ec="1" el="27" bec="0" bev="0" fileid="20" xmlns:p8="xsi" />
            </Method>
          </Methods>
        </Class>
        <Class>
          <Summary numSequencePoints="52" visitedSequencePoints="52" numBranchPoints="4" visitedBranchPoints="4" sequenceCoverage="100" branchCoverage="100" maxCyclomaticComplexity="2" minCyclomaticComplexity="1" visitedClasses="1" numClasses="1" visitedMethods="8" numMethods="8" />
          <FullName>ControleDeContatos.Controllers.UsuarioController</FullName>
          <Methods>
            <Method cyclomaticComplexity="1" nPathComplexity="1" sequenceCoverage="100" branchCoverage="100" isConstructor="False" isGetter="False" isSetter="False" isStatic="True">
              <Summary numSequencePoints="3" visitedSequencePoints="3" numBranchPoints="0" visitedBranchPoints="0" sequenceCoverage="100" branchCoverage="100" maxCyclomaticComplexity="1" minCyclomaticComplexity="1" visitedClasses="0" numClasses="0" visitedMethods="1" numMethods="1" />
              <MetadataToken />
              <Name>Microsoft.AspNetCore.Mvc.IActionResult ControleDeContatos.Controllers.UsuarioController::Index()</Name>
              <FileRef uid="21" />
              <SequencePoints>
                <SequencePoint vc="1" uspid="22" ordinal="0" sl="22" sc="1" el="22" ec="2" bec="0" bev="0" fileid="21" />
                <SequencePoint vc="1" uspid="23" ordinal="1" sl="23" sc="1" el="23" ec="2" bec="0" bev="0" fileid="21" />
                <SequencePoint vc="1" uspid="24" ordinal="2" sl="24" sc="1" el="24" ec="2" bec="0" bev="0" fileid="21" />
              </SequencePoints>
              <BranchPoints />
              <MethodPoint vc="3" uspid="0" p8:type="SequencePoint" ordinal="0" offset="0" sc="0" sl="22" ec="1" el="24" bec="0" bev="0" fileid="21" xmlns:p8="xsi" />
            </Method>
            <Method cyclomaticComplexity="1" nPathComplexity="1" sequenceCoverage="100" branchCoverage="100" isConstructor="False" isGetter="False" isSetter="False" isStatic="True">
              <Summary numSequencePoints="3" visitedSequencePoints="3" numBranchPoints="0" visitedBranchPoints="0" sequenceCoverage="100" branchCoverage="100" maxCyclomaticComplexity="1" minCyclomaticComplexity="1" visitedClasses="0" numClasses="0" visitedMethods="1" numMethods="1" />
              <MetadataToken />
              <Name>Microsoft.AspNetCore.Mvc.IActionResult ControleDeContatos.Controllers.UsuarioController::Editar(System.Int32)</Name>
              <FileRef uid="21" />
              <SequencePoints>
                <SequencePoint vc="1" uspid="27" ordinal="0" sl="27" sc="1" el="27" ec="2" bec="0" bev="0" fileid="21" />
                <SequencePoint vc="1" uspid="28" ordinal="1" sl="28" sc="1" el="28" ec="2" bec="0" bev="0" fileid="21" />
                <SequencePoint vc="1" uspid="29" ordinal="2" sl="29" sc="1" el="29" ec="2" bec="0" bev="0" fileid="21" />
              </SequencePoints>
              <BranchPoints />
              <MethodPoint vc="3" uspid="0" p8:type="SequencePoint" ordinal="1" offset="1" sc="0" sl="27" ec="1" el="29" bec="0" bev="0" fileid="21" xmlns:p8="xsi" />
            </Method>
            <Method cyclomaticComplexity="1" nPathComplexity="1" sequenceCoverage="100" branchCoverage="100" isConstructor="False" isGetter="False" isSetter="False" isStatic="True">
              <Summary numSequencePoints="3" visitedSequencePoints="3" numBranchPoints="0" visitedBranchPoints="0" sequenceCoverage="100" branchCoverage="100" maxCyclomaticComplexity="1" minCyclomaticComplexity="1" visitedClasses="0" numClasses="0" visitedMethods="1" numMethods="1" />
              <MetadataToken />
              <Name>Microsoft.AspNetCore.Mvc.IActionResult ControleDeContatos.Controllers.UsuarioController::ApagarConfirmacao(System.Int32)</Name>
              <FileRef uid="21" />
              <SequencePoints>
                <SequencePoint vc="1" uspid="32" ordinal="0" sl="32" sc="1" el="32" ec="2" bec="0" bev="0" fileid="21" />
                <SequencePoint vc="1" uspid="33" ordinal="1" sl="33" sc="1" el="33" ec="2" bec="0" bev="0" fileid="21" />
                <SequencePoint vc="1" uspid="34" ordinal="2" sl="34" sc="1" el="34" ec="2" bec="0" bev="0" fileid="21" />
              </SequencePoints>
              <BranchPoints />
              <MethodPoint vc="3" uspid="0" p8:type="SequencePoint" ordinal="2" offset="2" sc="0" sl="32" ec="1" el="34" bec="0" bev="0" fileid="21" xmlns:p8="xsi" />
            </Method>
            <Method cyclomaticComplexity="1" nPathComplexity="1" sequenceCoverage="100" branchCoverage="100" isConstructor="False" isGetter="False" isSetter="False" isStatic="True">
              <Summary numSequencePoints="10" visitedSequencePoints="10" numBranchPoints="0" visitedBranchPoints="0" sequenceCoverage="100" branchCoverage="100" maxCyclomaticComplexity="1" minCyclomaticComplexity="1" visitedClasses="0" numClasses="0" visitedMethods="1" numMethods="1" />
              <MetadataToken />
              <Name>Microsoft.AspNetCore.Mvc.IActionResult ControleDeContatos.Controllers.UsuarioController::Apagar(System.Int32)</Name>
              <FileRef uid="21" />
              <SequencePoints>
                <SequencePoint vc="2" uspid="37" ordinal="0" sl="37" sc="1" el="37" ec="2" bec="0" bev="0" fileid="21" />
                <SequencePoint vc="2" uspid="39" ordinal="1" sl="39" sc="1" el="39" ec="2" bec="0" bev="0" fileid="21" />
                <SequencePoint vc="2" uspid="40" ordinal="2" sl="40" sc="1" el="40" ec="2" bec="0" bev="0" fileid="21" />
                <SequencePoint vc="1" uspid="42" ordinal="3" sl="42" sc="1" el="42" ec="2" bec="0" bev="0" fileid="21" />
                <SequencePoint vc="1" uspid="44" ordinal="4" sl="44" sc="1" el="44" ec="2" bec="0" bev="0" fileid="21" />
                <SequencePoint vc="1" uspid="46" ordinal="5" sl="46" sc="1" el="46" ec="2" bec="0" bev="0" fileid="21" />
                <SequencePoint vc="1" uspid="47" ordinal="6" sl="47" sc="1" el="47" ec="2" bec="0" bev="0" fileid="21" />
                <SequencePoint vc="1" uspid="48" ordinal="7" sl="48" sc="1" el="48" ec="2" bec="0" bev="0" fileid="21" />
                <SequencePoint vc="1" uspid="49" ordinal="8" sl="49" sc="1" el="49" ec="2" bec="0" bev="0" fileid="21" />
                <SequencePoint vc="2" uspid="52" ordinal="9" sl="52" sc="1" el="52" ec="2" bec="0" bev="0" fileid="21" />
              </SequencePoints>
              <BranchPoints />
              <MethodPoint vc="10" uspid="0" p8:type="SequencePoint" ordinal="3" offset="3" sc="0" sl="37" ec="1" el="52" bec="0" bev="0" fileid="21" xmlns:p8="xsi" />
            </Method>
            <Method cyclomaticComplexity="1" nPathComplexity="1" sequenceCoverage="100" branchCoverage="100" isConstructor="False" isGetter="False" isSetter="False" isStatic="True">
              <Summary numSequencePoints="3" visitedSequencePoints="3" numBranchPoints="0" visitedBranchPoints="0" sequenceCoverage="100" branchCoverage="100" maxCyclomaticComplexity="1" minCyclomaticComplexity="1" visitedClasses="0" numClasses="0" visitedMethods="1" numMethods="1" />
              <MetadataToken />
              <Name>Microsoft.AspNetCore.Mvc.IActionResult ControleDeContatos.Controllers.UsuarioController::Criar()</Name>
              <FileRef uid="21" />
              <SequencePoints>
                <SequencePoint vc="1" uspid="55" ordinal="0" sl="55" sc="1" el="55" ec="2" bec="0" bev="0" fileid="21" />
                <SequencePoint vc="1" uspid="56" ordinal="1" sl="56" sc="1" el="56" ec="2" bec="0" bev="0" fileid="21" />
                <SequencePoint vc="1" uspid="57" ordinal="2" sl="57" sc="1" el="57" ec="2" bec="0" bev="0" fileid="21" />
              </SequencePoints>
              <BranchPoints />
              <MethodPoint vc="3" uspid="0" p8:type="SequencePoint" ordinal="4" offset="4" sc="0" sl="55" ec="1" el="57" bec="0" bev="0" fileid="21" xmlns:p8="xsi" />
            </Method>
            <Method cyclomaticComplexity="2" nPathComplexity="2" sequenceCoverage="100" branchCoverage="100" isConstructor="False" isGetter="False" isSetter="False" isStatic="True">
              <Summary numSequencePoints="13" visitedSequencePoints="13" numBranchPoints="2" visitedBranchPoints="2" sequenceCoverage="100" branchCoverage="100" maxCyclomaticComplexity="2" minCyclomaticComplexity="2" visitedClasses="0" numClasses="0" visitedMethods="1" numMethods="1" />
              <MetadataToken />
              <Name>Microsoft.AspNetCore.Mvc.IActionResult ControleDeContatos.Controllers.UsuarioController::Criar(ControleDeContatos.Models.UsuarioModel)</Name>
              <FileRef uid="21" />
              <SequencePoints>
                <SequencePoint vc="3" uspid="61" ordinal="0" sl="61" sc="1" el="61" ec="2" bec="0" bev="0" fileid="21" />
                <SequencePoint vc="3" uspid="63" ordinal="1" sl="63" sc="1" el="63" ec="2" bec="0" bev="0" fileid="21" />
                <SequencePoint vc="3" uspid="64" ordinal="2" sl="64" sc="1" el="64" ec="2" bec="2" bev="2" fileid="21" />
                <SequencePoint vc="2" uspid="65" ordinal="3" sl="65" sc="1" el="65" ec="2" bec="0" bev="0" fileid="21" />
                <SequencePoint vc="2" uspid="66" ordinal="4" sl="66" sc="1" el="66" ec="2" bec="0" bev="0" fileid="21" />
                <SequencePoint vc="1" uspid="69" ordinal="5" sl="69" sc="1" el="69" ec="2" bec="0" bev="0" fileid="21" />
                <SequencePoint vc="1" uspid="70" ordinal="6" sl="70" sc="1" el="70" ec="2" bec="0" bev="0" fileid="21" />
                <SequencePoint vc="1" uspid="73" ordinal="7" sl="73" sc="1" el="73" ec="2" bec="0" bev="0" fileid="21" />
                <SequencePoint vc="1" uspid="75" ordinal="8" sl="75" sc="1" el="75" ec="2" bec="0" bev="0" fileid="21" />
                <SequencePoint vc="1" uspid="76" ordinal="9" sl="76" sc="1" el="76" ec="2" bec="0" bev="0" fileid="21" />
                <SequencePoint vc="1" uspid="78" ordinal="10" sl="78" sc="1" el="78" ec="2" bec="0" bev="0" fileid="21" />
                <SequencePoint vc="1" uspid="79" ordinal="11" sl="79" sc="1" el="79" ec="2" bec="0" bev="0" fileid="21" />
                <SequencePoint vc="3" uspid="83" ordinal="12" sl="83" sc="1" el="83" ec="2" bec="0" bev="0" fileid="21" />
              </SequencePoints>
              <BranchPoints>
                <BranchPoint vc="2" uspid="64" ordinal="0" path="0" offset="15" offsetend="17" sl="64" fileid="21" />
                <BranchPoint vc="1" uspid="64" ordinal="1" path="1" offset="15" offsetend="67" sl="64" fileid="21" />
              </BranchPoints>
              <MethodPoint vc="13" uspid="0" p8:type="SequencePoint" ordinal="5" offset="5" sc="0" sl="61" ec="1" el="83" bec="0" bev="0" fileid="21" xmlns:p8="xsi" />
            </Method>
            <Method cyclomaticComplexity="2" nPathComplexity="2" sequenceCoverage="100" branchCoverage="100" isConstructor="False" isGetter="False" isSetter="False" isStatic="True">
              <Summary numSequencePoints="13" visitedSequencePoints="13" numBranchPoints="2" visitedBranchPoints="2" sequenceCoverage="100" branchCoverage="100" maxCyclomaticComplexity="2" minCyclomaticComplexity="2" visitedClasses="0" numClasses="0" visitedMethods="1" numMethods="1" />
              <MetadataToken />
              <Name>Microsoft.AspNetCore.Mvc.IActionResult ControleDeContatos.Controllers.UsuarioController::Alterar(ControleDeContatos.Models.UsuarioSemSenhaModel)</Name>
              <FileRef uid="21" />
              <SequencePoints>
                <SequencePoint vc="3" uspid="87" ordinal="0" sl="87" sc="1" el="87" ec="2" bec="0" bev="0" fileid="21" />
                <SequencePoint vc="3" uspid="89" ordinal="1" sl="89" sc="1" el="89" ec="2" bec="0" bev="0" fileid="21" />
                <SequencePoint vc="3" uspid="90" ordinal="2" sl="90" sc="1" el="90" ec="2" bec="2" bev="2" fileid="21" />
                <SequencePoint vc="2" uspid="91" ordinal="3" sl="91" sc="1" el="91" ec="2" bec="0" bev="0" fileid="21" />
                <SequencePoint vc="2" uspid="92" ordinal="4" sl="92" sc="1" el="92" ec="2" bec="0" bev="0" fileid="21" />
                <SequencePoint vc="1" uspid="95" ordinal="5" sl="95" sc="1" el="95" ec="2" bec="0" bev="0" fileid="21" />
                <SequencePoint vc="1" uspid="96" ordinal="6" sl="96" sc="1" el="96" ec="2" bec="0" bev="0" fileid="21" />
                <SequencePoint vc="1" uspid="99" ordinal="7" sl="99" sc="1" el="99" ec="2" bec="0" bev="0" fileid="21" />
                <SequencePoint vc="1" uspid="101" ordinal="8" sl="101" sc="1" el="101" ec="2" bec="0" bev="0" fileid="21" />
                <SequencePoint vc="1" uspid="102" ordinal="9" sl="102" sc="1" el="102" ec="2" bec="0" bev="0" fileid="21" />
                <SequencePoint vc="1" uspid="103" ordinal="10" sl="103" sc="1" el="103" ec="2" bec="0" bev="0" fileid="21" />
                <SequencePoint vc="1" uspid="104" ordinal="11" sl="104" sc="1" el="104" ec="2" bec="0" bev="0" fileid="21" />
                <SequencePoint vc="3" uspid="106" ordinal="12" sl="106" sc="1" el="106" ec="2" bec="0" bev="0" fileid="21" />
              </SequencePoints>
              <BranchPoints>
                <BranchPoint vc="2" uspid="90" ordinal="0" path="0" offset="15" offsetend="17" sl="90" fileid="21" />
                <BranchPoint vc="1" uspid="90" ordinal="1" path="1" offset="15" offsetend="67" sl="90" fileid="21" />
              </BranchPoints>
              <MethodPoint vc="13" uspid="0" p8:type="SequencePoint" ordinal="6" offset="6" sc="0" sl="87" ec="1" el="106" bec="0" bev="0" fileid="21" xmlns:p8="xsi" />
            </Method>
            <Method cyclomaticComplexity="1" nPathComplexity="1" sequenceCoverage="100" branchCoverage="100" isConstructor="True" isGetter="False" isSetter="False" isStatic="True">
              <Summary numSequencePoints="4" visitedSequencePoints="4" numBranchPoints="0" visitedBranchPoints="0" sequenceCoverage="100" branchCoverage="100" maxCyclomaticComplexity="1" minCyclomaticComplexity="1" visitedClasses="0" numClasses="0" visitedMethods="1" numMethods="1" />
              <MetadataToken />
              <Name>System.Void ControleDeContatos.Controllers.UsuarioController::.ctor(ControleDeContatos.Services.Interfaces.IUsuarioServices)</Name>
              <FileRef uid="21" />
              <SequencePoints>
                <SequencePoint vc="12" uspid="16" ordinal="0" sl="16" sc="1" el="16" ec="2" bec="0" bev="0" fileid="21" />
                <SequencePoint vc="12" uspid="17" ordinal="1" sl="17" sc="1" el="17" ec="2" bec="0" bev="0" fileid="21" />
                <SequencePoint vc="12" uspid="18" ordinal="2" sl="18" sc="1" el="18" ec="2" bec="0" bev="0" fileid="21" />
                <SequencePoint vc="12" uspid="19" ordinal="3" sl="19" sc="1" el="19" ec="2" bec="0" bev="0" fileid="21" />
              </SequencePoints>
              <BranchPoints />
              <MethodPoint vc="4" uspid="0" p8:type="SequencePoint" ordinal="7" offset="7" sc="0" sl="16" ec="1" el="19" bec="0" bev="0" fileid="21" xmlns:p8="xsi" />
            </Method>
          </Methods>
        </Class>
      </Classes>
    </Module>
    <Module hash="21036AD1-48C2-4EAB-8E1E-82D2EFA0A73B">
      <ModulePath>ControleDeContatos.Views.dll</ModulePath>
      <ModuleTime>2023-06-01T09:28:07</ModuleTime>
      <ModuleName>ControleDeContatos.Views</ModuleName>
      <Files />
      <Classes />
    </Module>
  </Modules>
</CoverageSession>